#
# A fatal error has been detected by the Java Runtime Environment:
#
#  EXCEPTION_ACCESS_VIOLATION (0xc0000005) at pc=0x00007ff80396b587, pid=7228, tid=5220
#
# JRE version: OpenJDK Runtime Environment (11.0.12+7) (build 11.0.12+7-b1504.28-7817840)
# Java VM: OpenJDK 64-Bit Server VM (11.0.12+7-b1504.28-7817840, mixed mode, tiered, compressed oops, g1 gc, windows-amd64)
# Problematic frame:
# V  [jvm.dll+0x35b587]
#
# No core dump will be written. Minidumps are not enabled by default on client versions of Windows
#
# If you would like to submit a bug report, please visit:
#   https://bugreport.java.com/bugreport/crash.jsp
#

---------------  S U M M A R Y ------------

Command Line: --add-opens=java.base/java.util=ALL-UNNAMED --add-opens=java.base/java.lang=ALL-UNNAMED --add-opens=java.base/java.lang.invoke=ALL-UNNAMED --add-opens=java.base/java.util=ALL-UNNAMED --add-opens=java.prefs/java.util.prefs=ALL-UNNAMED --add-opens=java.prefs/java.util.prefs=ALL-UNNAMED --add-opens=java.base/java.nio.charset=ALL-UNNAMED --add-opens=java.base/java.net=ALL-UNNAMED --add-opens=java.base/java.util.concurrent.atomic=ALL-UNNAMED -Xmx2048m -Dfile.encoding=UTF-8 -Duser.country=IN -Duser.language=en -Duser.variant org.gradle.launcher.daemon.bootstrap.GradleDaemon 7.3.3

Host: AMD A9-9425 RADEON R5, 5 COMPUTE CORES 2C+3G   , 2 cores, 7G,  Windows 10 , 64 bit Build 17763 (10.0.17763.3287)
Time: Sat Sep 24 13:21:09 2022 India Standard Time elapsed time: 2044.268690 seconds (0d 0h 34m 4s)

---------------  T H R E A D  ---------------

Current thread (0x000001a7ffd02000):  JavaThread "C2 CompilerThread0" daemon [_thread_in_native, id=5220, stack(0x0000001adac00000,0x0000001adad00000)]


Current CompileTask:
C2:2044268 33787       4       com.android.tools.r8.internal.ac::b (50 bytes)

Stack: [0x0000001adac00000,0x0000001adad00000],  sp=0x0000001adacfbab0,  free space=1006k
Native frames: (J=compiled Java code, j=interpreted, Vv=VM code, C=native code)
V  [jvm.dll+0x35b587]
V  [jvm.dll+0x35a083]
V  [jvm.dll+0x19d0f0]
V  [jvm.dll+0x20070e]
V  [jvm.dll+0x1ff794]
V  [jvm.dll+0x18868c]
V  [jvm.dll+0x20e0d7]
V  [jvm.dll+0x20c901]
V  [jvm.dll+0x6f9b7f]
V  [jvm.dll+0x6f26a5]
V  [jvm.dll+0x5fabf6]
C  [ucrtbase.dll+0x2268a]
C  [KERNEL32.DLL+0x17974]
C  [ntdll.dll+0x5a2f1]


siginfo: EXCEPTION_ACCESS_VIOLATION (0xc0000005), reading address 0x0000000000000008


Register to memory mapping:

RIP=0x00007ff80396b587 jvm.dll
RAX=0x0 is NULL
RBX=0x0000000000000164 is an unknown value
RCX=0x0000000000000001 is an unknown value
RDX=0x000001a7a37f7660 points into unknown readable memory: 0x401117e23593bfd9 | d9 bf 93 35 e2 17 11 40
RSP=0x0000001adacfbab0 is pointing into the stack for thread: 0x000001a7ffd02000
RBP=0x0000000000000164 is an unknown value
RSI=0x0000000000000164 is an unknown value
RDI=0x000001a7a724f220 points into unknown readable memory: 0x0000000000000021 | 21 00 00 00 00 00 00 00
R8 =0x0000001adacfbde0 is pointing into the stack for thread: 0x000001a7ffd02000
R9 =0x0000001adacfbad0 is pointing into the stack for thread: 0x000001a7ffd02000
R10=0x00007ff803610000 jvm.dll
R11=0x0000001adacfbbd0 is pointing into the stack for thread: 0x000001a7ffd02000
R12=0x00007ff803610000 jvm.dll
R13=0x00007ff80401c898 jvm.dll
R14=0x000001a7a37add80 points into unknown readable memory: 0x3f6d4809e97c59b9 | b9 59 7c e9 09 48 6d 3f
R15=0x0000001adacfc180 is pointing into the stack for thread: 0x000001a7ffd02000


Registers:
RAX=0x0000000000000000, RBX=0x0000000000000164, RCX=0x0000000000000001, RDX=0x000001a7a37f7660
RSP=0x0000001adacfbab0, RBP=0x0000000000000164, RSI=0x0000000000000164, RDI=0x000001a7a724f220
R8 =0x0000001adacfbde0, R9 =0x0000001adacfbad0, R10=0x00007ff803610000, R11=0x0000001adacfbbd0
R12=0x00007ff803610000, R13=0x00007ff80401c898, R14=0x000001a7a37add80, R15=0x0000001adacfc180
RIP=0x00007ff80396b587, EFLAGS=0x0000000000010212

Top of Stack: (sp=0x0000001adacfbab0)
0x0000001adacfbab0:   0000000000000004 0000000000000164
0x0000001adacfbac0:   0000000000000003 0000000000000000
0x0000001adacfbad0:   000008c400000000 00007ff800000006
0x0000001adacfbae0:   000001a79981e7a0 0000000000000009
0x0000001adacfbaf0:   0000001adacfbbe0 000000000000000a
0x0000001adacfbb00:   0000001adacfbbd0 00007ff803c625c0
0x0000001adacfbb10:   0000000000000013 000001a79c8a0930
0x0000001adacfbb20:   0000000000000000 0000001adacfbc40
0x0000001adacfbb30:   000001a7a37add80 00007ff80396a083
0x0000001adacfbb40:   0000001adacfc180 0000000000000009
0x0000001adacfbb50:   000001a795948260 0000000000000009
0x0000001adacfbb60:   0000001adacfbb98 3f63855bf0fd9126
0x0000001adacfbb70:   000001a700000164 0000001300000009
0x0000001adacfbb80:   0000000d0000000b 000001a700000000
0x0000001adacfbb90:   0000000b00000000 0000001300000000
0x0000001adacfbba0:   0000000e00000000 00007ff800000000 

Instructions: (pc=0x00007ff80396b587)
0x00007ff80396b487:   00 41 23 8e 8c 00 00 00 8b 82 88 00 00 00 41 23
0x00007ff80396b497:   86 88 00 00 00 0b c8 8b 82 84 00 00 00 41 23 86
0x00007ff80396b4a7:   84 00 00 00 0b c8 8b 82 80 00 00 00 41 23 86 80
0x00007ff80396b4b7:   00 00 00 0b c8 8b 42 7c 41 23 46 7c 0b c8 8b 42
0x00007ff80396b4c7:   78 41 23 46 78 0b c8 8b 42 74 41 23 46 74 0b c8
0x00007ff80396b4d7:   8b 42 70 41 23 46 70 0b c8 8b 42 6c 41 23 46 6c
0x00007ff80396b4e7:   0b c8 8b 42 68 41 23 46 68 0b c8 8b 42 64 41 23
0x00007ff80396b4f7:   46 64 0b c8 8b 42 60 41 23 46 60 0b c8 8b 42 5c
0x00007ff80396b507:   41 23 46 5c 0b c8 8b 42 58 41 23 46 58 0b c8 8b
0x00007ff80396b517:   42 54 41 23 46 54 0b c8 8b 42 50 41 23 46 50 0b
0x00007ff80396b527:   c8 8b 42 4c 41 23 46 4c 0b c8 8b 42 48 41 23 46
0x00007ff80396b537:   48 0b c8 8b 42 44 41 23 46 44 0b c8 8b 42 40 41
0x00007ff80396b547:   23 46 40 0b c8 8b 42 3c 41 23 46 3c 0b c8 41 8b
0x00007ff80396b557:   46 38 23 42 38 0b c8 74 63 48 8b c5 3b eb 73 04
0x00007ff80396b567:   8b c3 8b dd 48 8d 3c 80 48 c1 e7 05 49 03 78 10
0x00007ff80396b577:   85 db 74 48 48 8b 47 08 8b cb 48 c1 e9 08 8b f3
0x00007ff80396b587:   4c 8b 04 c8 4d 3b c5 75 0d 8b d3 48 8b cf e8 56
0x00007ff80396b597:   4f 00 00 4c 8b c0 48 c1 ee 05 83 e3 1f 83 e6 07
0x00007ff80396b5a7:   0f b6 cb ba 01 00 00 00 d3 e2 41 8b 0c b0 8b c1
0x00007ff80396b5b7:   0b c2 41 89 04 b0 85 ca 75 02 ff 07 8b 44 24 20
0x00007ff80396b5c7:   85 c0 74 3e 44 8b 44 24 24 a8 1f 75 0b c1 e8 05
0x00007ff80396b5d7:   41 83 c0 05 a8 1f 74 f5 8b d0 83 e2 1f 42 0f b6
0x00007ff80396b5e7:   8c 22 f0 e0 83 00 42 0f b6 9c 22 d0 e0 83 00 d3
0x00007ff80396b5f7:   e8 89 44 24 20 41 03 d8 42 8d 04 01 89 44 24 24
0x00007ff80396b607:   eb 0c 48 8d 4c 24 20 e8 dd 4c 00 00 8b d8 85 db
0x00007ff80396b617:   0f 85 53 fe ff ff 4c 8b ac 24 a0 00 00 00 48 8b
0x00007ff80396b627:   bc 24 98 00 00 00 48 8b b4 24 90 00 00 00 48 83
0x00007ff80396b637:   c4 60 41 5f 41 5e 41 5c 5d 5b c3 cc cc cc cc cc
0x00007ff80396b647:   cc cc cc cc cc cc cc cc cc 48 89 5c 24 08 48 89
0x00007ff80396b657:   74 24 10 57 48 83 ec 20 49 8d 49 38 49 8b d9 41
0x00007ff80396b667:   8b f8 e8 32 6f 2f 00 84 c0 74 45 83 bb 90 00 00
0x00007ff80396b677:   00 00 74 3c f6 83 98 00 00 00 06 74 07 48 8b 4c 


Stack slot to memory mapping:
stack at sp + 0 slots: 0x0000000000000004 is an unknown value
stack at sp + 1 slots: 0x0000000000000164 is an unknown value
stack at sp + 2 slots: 0x0000000000000003 is an unknown value
stack at sp + 3 slots: 0x0 is NULL
stack at sp + 4 slots: 0x000008c400000000 is an unknown value
stack at sp + 5 slots: 0x00007ff800000006 is an unknown value
stack at sp + 6 slots: 0x000001a79981e7a0 points into unknown readable memory: 0x0000000000000000 | 00 00 00 00 00 00 00 00
stack at sp + 7 slots: 0x0000000000000009 is an unknown value


---------------  P R O C E S S  ---------------

Threads class SMR info:
_java_thread_list=0x000001a7a0f8eb60, length=70, elements={
0x000001a7f964e000, 0x000001a7ffcd3800, 0x000001a7ffcda000, 0x000001a795842800,
0x000001a7ffcfe000, 0x000001a7ffd00000, 0x000001a7ffd02000, 0x000001a795877000,
0x000001a79588e800, 0x000001a795987800, 0x000001a7964cd800, 0x000001a796e88000,
0x000001a79625e000, 0x000001a795c0c800, 0x000001a795c0d000, 0x000001a795c08800,
0x000001a795c0e000, 0x000001a795c0f000, 0x000001a797abb000, 0x000001a797ac0000,
0x000001a797abc800, 0x000001a797aba800, 0x000001a7967d0800, 0x000001a7967d8000,
0x000001a797ac1000, 0x000001a799f33800, 0x000001a799f36000, 0x000001a797ac1800,
0x000001a797ac8000, 0x000001a799f2d000, 0x000001a799f30800, 0x000001a799f31000,
0x000001a799f2c800, 0x000001a799f2e000, 0x000001a799f34800, 0x000001a799f2e800,
0x000001a799f35800, 0x000001a799f2f800, 0x000001a799f3b000, 0x000001a799f37000,
0x000001a799f39800, 0x000001a799f37800, 0x000001a799f3a000, 0x000001a7967d1000,
0x000001a7967cf800, 0x000001a7967d2000, 0x000001a7967d3000, 0x000001a7967cd000,
0x000001a7967d3800, 0x000001a7967ce000, 0x000001a7967d4800, 0x000001a7967cf000,
0x000001a7967d7000, 0x000001a7967d8800, 0x000001a7967db000, 0x000001a7967d9800,
0x000001a7967da000, 0x000001a7967d6000, 0x000001a7967d5800, 0x000001a7967dc000,
0x000001a797abc000, 0x000001a797ac2800, 0x000001a797ac5000, 0x000001a797ac5800,
0x000001a797ac7800, 0x000001a797ac3000, 0x000001a797ac9000, 0x000001a797ac6800,
0x000001a797ac4000, 0x000001a795c09000
}

Java Threads: ( => current thread )
  0x000001a7f964e000 JavaThread "main" [_thread_blocked, id=1340, stack(0x0000001ada000000,0x0000001ada100000)]
  0x000001a7ffcd3800 JavaThread "Reference Handler" daemon [_thread_blocked, id=3456, stack(0x0000001ada700000,0x0000001ada800000)]
  0x000001a7ffcda000 JavaThread "Finalizer" daemon [_thread_blocked, id=852, stack(0x0000001ada800000,0x0000001ada900000)]
  0x000001a795842800 JavaThread "Signal Dispatcher" daemon [_thread_blocked, id=7860, stack(0x0000001ada900000,0x0000001adaa00000)]
  0x000001a7ffcfe000 JavaThread "Attach Listener" daemon [_thread_blocked, id=7688, stack(0x0000001adaa00000,0x0000001adab00000)]
  0x000001a7ffd00000 JavaThread "Service Thread" daemon [_thread_blocked, id=6796, stack(0x0000001adab00000,0x0000001adac00000)]
=>0x000001a7ffd02000 JavaThread "C2 CompilerThread0" daemon [_thread_in_native, id=5220, stack(0x0000001adac00000,0x0000001adad00000)]
  0x000001a795877000 JavaThread "C1 CompilerThread0" daemon [_thread_blocked, id=5688, stack(0x0000001adad00000,0x0000001adae00000)]
  0x000001a79588e800 JavaThread "Sweeper thread" daemon [_thread_blocked, id=5540, stack(0x0000001adae00000,0x0000001adaf00000)]
  0x000001a795987800 JavaThread "Common-Cleaner" daemon [_thread_blocked, id=8132, stack(0x0000001adaf00000,0x0000001adb000000)]
  0x000001a7964cd800 JavaThread "Daemon health stats" [_thread_blocked, id=6136, stack(0x0000001adb200000,0x0000001adb300000)]
  0x000001a796e88000 JavaThread "Incoming local TCP Connector on port 54616" [_thread_in_native, id=1920, stack(0x0000001adb400000,0x0000001adb500000)]
  0x000001a79625e000 JavaThread "Daemon periodic checks" [_thread_blocked, id=7820, stack(0x0000001adb500000,0x0000001adb600000)]
  0x000001a795c0c800 JavaThread "Cache worker for journal cache (C:\Users\Sukanya\.gradle\caches\journal-1)" [_thread_blocked, id=7784, stack(0x0000001adbd00000,0x0000001adbe00000)]
  0x000001a795c0d000 JavaThread "File lock request listener" [_thread_in_native, id=3780, stack(0x0000001adbe00000,0x0000001adbf00000)]
  0x000001a795c08800 JavaThread "Cache worker for file hash cache (C:\Users\Sukanya\.gradle\caches\7.3.3\fileHashes)" [_thread_blocked, id=4348, stack(0x0000001adbf00000,0x0000001adc000000)]
  0x000001a795c0e000 JavaThread "File watcher server" daemon [_thread_in_native, id=7980, stack(0x0000001adc100000,0x0000001adc200000)]
  0x000001a795c0f000 JavaThread "File watcher consumer" daemon [_thread_blocked, id=8424, stack(0x0000001adc200000,0x0000001adc300000)]
  0x000001a797abb000 JavaThread "Cache worker for execution history cache (C:\Users\Sukanya\.gradle\caches\7.3.3\executionHistory)" [_thread_blocked, id=3704, stack(0x0000001adc600000,0x0000001adc700000)]
  0x000001a797ac0000 JavaThread "jar transforms" [_thread_blocked, id=900, stack(0x0000001adc700000,0x0000001adc800000)]
  0x000001a797abc800 JavaThread "Cache worker for file content cache (C:\Users\Sukanya\.gradle\caches\7.3.3\fileContent)" [_thread_blocked, id=8052, stack(0x0000001adc800000,0x0000001adc900000)]
  0x000001a797aba800 JavaThread "jar transforms Thread 2" [_thread_blocked, id=1436, stack(0x0000001adc900000,0x0000001adca00000)]
  0x000001a7967d0800 JavaThread "Memory manager" [_thread_blocked, id=6828, stack(0x0000001ade000000,0x0000001ade100000)]
  0x000001a7967d8000 JavaThread "pool-3-thread-1" [_thread_blocked, id=7072, stack(0x0000001ade200000,0x0000001ade300000)]
  0x000001a797ac1000 JavaThread "pool-7-thread-1" [_thread_blocked, id=6212, stack(0x0000001ade100000,0x0000001ade200000)]
  0x000001a799f33800 JavaThread "pool-11-thread-1" [_thread_blocked, id=4400, stack(0x0000001addf00000,0x0000001ade000000)]
  0x000001a799f36000 JavaThread "Cache worker for Java compile cache (C:\Users\Sukanya\.gradle\caches\7.3.3\javaCompile)" [_thread_blocked, id=5528, stack(0x0000001adeb00000,0x0000001adec00000)]
  0x000001a797ac1800 JavaThread "Daemon Thread 4" [_thread_blocked, id=2608, stack(0x0000001ad9e00000,0x0000001ad9f00000)]
  0x000001a797ac8000 JavaThread "Daemon worker Thread 4" [_thread_blocked, id=7452, stack(0x0000001adb700000,0x0000001adb800000)]
  0x000001a799f2d000 JavaThread "pool-15-thread-1" [_thread_blocked, id=4588, stack(0x0000001adde00000,0x0000001addf00000)]
  0x000001a799f30800 JavaThread "Handler for socket connection from /127.0.0.1:54616 to /127.0.0.1:54773" [_thread_in_native, id=3984, stack(0x0000001adb800000,0x0000001adb900000)]
  0x000001a799f31000 JavaThread "Cancel handler" [_thread_blocked, id=5148, stack(0x0000001adb900000,0x0000001adba00000)]
  0x000001a799f2c800 JavaThread "Asynchronous log dispatcher for DefaultDaemonConnection: socket connection from /127.0.0.1:54616 to /127.0.0.1:54773" [_thread_blocked, id=4304, stack(0x0000001adba00000,0x0000001adbb00000)]
  0x000001a799f2e000 JavaThread "Daemon client event forwarder" [_thread_blocked, id=3880, stack(0x0000001adbc00000,0x0000001adbd00000)]
  0x000001a799f34800 JavaThread "Cache worker for file hash cache (C:\Users\Sukanya\Desktop\Mylogin\.gradle\7.3.3\fileHashes)" [_thread_blocked, id=9124, stack(0x0000001adc000000,0x0000001adc100000)]
  0x000001a799f2e800 JavaThread "Cache worker for checksums cache (C:\Users\Sukanya\Desktop\Mylogin\.gradle\7.3.3\checksums)" [_thread_blocked, id=8336, stack(0x0000001adc300000,0x0000001adc400000)]
  0x000001a799f35800 JavaThread "Cache worker for cache directory md-supplier (C:\Users\Sukanya\.gradle\caches\7.3.3\md-supplier)" [_thread_blocked, id=3224, stack(0x0000001adc400000,0x0000001adc500000)]
  0x000001a799f2f800 JavaThread "Cache worker for cache directory md-rule (C:\Users\Sukanya\.gradle\caches\7.3.3\md-rule)" [_thread_blocked, id=9044, stack(0x0000001adc500000,0x0000001adc600000)]
  0x000001a799f3b000 JavaThread "Cache worker for dependencies-accessors (C:\Users\Sukanya\Desktop\Mylogin\.gradle\7.3.3\dependencies-accessors)" [_thread_blocked, id=3020, stack(0x0000001adca00000,0x0000001adcb00000)]
  0x000001a799f37000 JavaThread "Cache worker for Build Output Cleanup Cache (C:\Users\Sukanya\Desktop\Mylogin\.gradle\buildOutputCleanup)" [_thread_blocked, id=6464, stack(0x0000001adcb00000,0x0000001adcc00000)]
  0x000001a799f39800 JavaThread "Unconstrained build operations" [_thread_blocked, id=4848, stack(0x0000001adcc00000,0x0000001adcd00000)]
  0x000001a799f37800 JavaThread "Unconstrained build operations Thread 2" [_thread_blocked, id=6008, stack(0x0000001adcd00000,0x0000001adce00000)]
  0x000001a799f3a000 JavaThread "Unconstrained build operations Thread 3" [_thread_blocked, id=5488, stack(0x0000001adce00000,0x0000001adcf00000)]
  0x000001a7967d1000 JavaThread "Unconstrained build operations Thread 4" [_thread_blocked, id=7596, stack(0x0000001adcf00000,0x0000001add000000)]
  0x000001a7967cf800 JavaThread "Unconstrained build operations Thread 5" [_thread_blocked, id=8224, stack(0x0000001add000000,0x0000001add100000)]
  0x000001a7967d2000 JavaThread "Unconstrained build operations Thread 6" [_thread_blocked, id=2464, stack(0x0000001add100000,0x0000001add200000)]
  0x000001a7967d3000 JavaThread "Unconstrained build operations Thread 7" [_thread_blocked, id=4148, stack(0x0000001add200000,0x0000001add300000)]
  0x000001a7967cd000 JavaThread "Unconstrained build operations Thread 8" [_thread_blocked, id=5100, stack(0x0000001add300000,0x0000001add400000)]
  0x000001a7967d3800 JavaThread "Unconstrained build operations Thread 9" [_thread_blocked, id=8044, stack(0x0000001add400000,0x0000001add500000)]
  0x000001a7967ce000 JavaThread "Unconstrained build operations Thread 10" [_thread_blocked, id=2372, stack(0x0000001add500000,0x0000001add600000)]
  0x000001a7967d4800 JavaThread "Unconstrained build operations Thread 11" [_thread_blocked, id=1468, stack(0x0000001add600000,0x0000001add700000)]
  0x000001a7967cf000 JavaThread "Unconstrained build operations Thread 12" [_thread_blocked, id=3604, stack(0x0000001add700000,0x0000001add800000)]
  0x000001a7967d7000 JavaThread "Unconstrained build operations Thread 13" [_thread_blocked, id=2760, stack(0x0000001add800000,0x0000001add900000)]
  0x000001a7967d8800 JavaThread "Unconstrained build operations Thread 14" [_thread_blocked, id=5308, stack(0x0000001add900000,0x0000001adda00000)]
  0x000001a7967db000 JavaThread "Unconstrained build operations Thread 15" [_thread_blocked, id=908, stack(0x0000001adda00000,0x0000001addb00000)]
  0x000001a7967d9800 JavaThread "Unconstrained build operations Thread 16" [_thread_blocked, id=2840, stack(0x0000001addb00000,0x0000001addc00000)]
  0x000001a7967da000 JavaThread "Unconstrained build operations Thread 17" [_thread_blocked, id=3000, stack(0x0000001addc00000,0x0000001addd00000)]
  0x000001a7967d6000 JavaThread "Unconstrained build operations Thread 18" [_thread_in_Java, id=3828, stack(0x0000001addd00000,0x0000001adde00000)]
  0x000001a7967d5800 JavaThread "Unconstrained build operations Thread 19" [_thread_blocked, id=3844, stack(0x0000001ade400000,0x0000001ade500000)]
  0x000001a7967dc000 JavaThread "Unconstrained build operations Thread 20" [_thread_blocked, id=5828, stack(0x0000001ade500000,0x0000001ade600000)]
  0x000001a797abc000 JavaThread "build event listener" [_thread_blocked, id=3500, stack(0x0000001ade600000,0x0000001ade700000)]
  0x000001a797ac2800 JavaThread "pool-18-thread-1" [_thread_blocked, id=4776, stack(0x0000001ade700000,0x0000001ade800000)]
  0x000001a797ac5000 JavaThread "build event listener" [_thread_blocked, id=4828, stack(0x0000001ade800000,0x0000001ade900000)]
  0x000001a797ac5800 JavaThread "Execution worker for ':'" [_thread_blocked, id=6560, stack(0x0000001ade900000,0x0000001adea00000)]
  0x000001a797ac7800 JavaThread "Cache worker for execution history cache (C:\Users\Sukanya\Desktop\Mylogin\.gradle\7.3.3\executionHistory)" [_thread_blocked, id=2572, stack(0x0000001adea00000,0x0000001adeb00000)]
  0x000001a797ac3000 JavaThread "WorkerExecutor Queue" [_thread_blocked, id=4380, stack(0x0000001adec00000,0x0000001aded00000)]
  0x000001a797ac9000 JavaThread "WorkerExecutor Queue Thread 2" [_thread_blocked, id=8504, stack(0x0000001aded00000,0x0000001adee00000)]
  0x000001a797ac6800 JavaThread "pool-19-thread-1" [_thread_blocked, id=1924, stack(0x0000001adee00000,0x0000001adef00000)]
  0x000001a797ac4000 JavaThread "stderr" [_thread_in_native, id=6488, stack(0x0000001adef00000,0x0000001adf000000)]
  0x000001a795c09000 JavaThread "stdout" [_thread_in_native, id=8040, stack(0x0000001adf000000,0x0000001adf100000)]

Other Threads:
  0x000001a7ffcd0000 VMThread "VM Thread" [stack: 0x0000001ada600000,0x0000001ada700000] [id=7972]
  0x000001a7959a0800 WatcherThread [stack: 0x0000001adb000000,0x0000001adb100000] [id=6312]
  0x000001a7f9665000 GCTaskThread "GC Thread#0" [stack: 0x0000001ada100000,0x0000001ada200000] [id=6660]
  0x000001a795bfe800 GCTaskThread "GC Thread#1" [stack: 0x0000001adb100000,0x0000001adb200000] [id=2500]
  0x000001a7f9699000 ConcurrentGCThread "G1 Main Marker" [stack: 0x0000001ada200000,0x0000001ada300000] [id=5368]
  0x000001a7f969c000 ConcurrentGCThread "G1 Conc#0" [stack: 0x0000001ada300000,0x0000001ada400000] [id=7100]
  0x000001a7f970f000 ConcurrentGCThread "G1 Refine#0" [stack: 0x0000001ada400000,0x0000001ada500000] [id=6636]
  0x000001a79643e800 ConcurrentGCThread "G1 Refine#1" [stack: 0x0000001adb300000,0x0000001adb400000] [id=7504]
  0x000001a7f9710000 ConcurrentGCThread "G1 Young RemSet Sampling" [stack: 0x0000001ada500000,0x0000001ada600000] [id=3908]

Threads with active compile tasks:
C2 CompilerThread02044324 33787       4       com.android.tools.r8.internal.ac::b (50 bytes)

VM state:not at safepoint (normal execution)

VM Mutex/Monitor currently owned by a thread:  ([mutex/lock_event])
[0x000001a7f964c390] DirectivesStack_lock - owner thread: 0x000001a7967d6000

Heap address: 0x0000000080000000, size: 2048 MB, Compressed Oops mode: 32-bit
Narrow klass base: 0x0000000000000000, Narrow klass shift: 3
Compressed class space size: 1073741824 Address: 0x0000000100000000

Heap:
 garbage-first heap   total 368640K, used 186386K [0x0000000080000000, 0x0000000100000000)
  region size 1024K, 7 young (7168K), 6 survivors (6144K)
 Metaspace       used 163666K, capacity 168170K, committed 168396K, reserved 1196032K
  class space    used 19727K, capacity 21381K, committed 21452K, reserved 1048576K
Heap Regions: E=young(eden), S=young(survivor), O=old, HS=humongous(starts), HC=humongous(continues), CS=collection set, F=free, A=archive, TAMS=top-at-mark-start (previous, next)
|   0|0x0000000080000000, 0x0000000080100000, 0x0000000080100000|100%| O|  |TAMS 0x0000000080100000, 0x0000000080100000| Untracked 
|   1|0x0000000080100000, 0x0000000080200000, 0x0000000080200000|100%| O|  |TAMS 0x0000000080200000, 0x0000000080200000| Untracked 
|   2|0x0000000080200000, 0x0000000080300000, 0x0000000080300000|100%| O|  |TAMS 0x0000000080300000, 0x0000000080300000| Untracked 
|   3|0x0000000080300000, 0x0000000080400000, 0x0000000080400000|100%| O|  |TAMS 0x0000000080400000, 0x0000000080400000| Untracked 
|   4|0x0000000080400000, 0x0000000080500000, 0x0000000080500000|100%|HS|  |TAMS 0x0000000080500000, 0x0000000080500000| Complete 
|   5|0x0000000080500000, 0x0000000080600000, 0x0000000080600000|100%|HC|  |TAMS 0x0000000080600000, 0x0000000080600000| Complete 
|   6|0x0000000080600000, 0x0000000080700000, 0x0000000080700000|100%|HC|  |TAMS 0x0000000080700000, 0x0000000080700000| Complete 
|   7|0x0000000080700000, 0x0000000080800000, 0x0000000080800000|100%| O|  |TAMS 0x0000000080800000, 0x0000000080800000| Untracked 
|   8|0x0000000080800000, 0x0000000080900000, 0x0000000080900000|100%| O|  |TAMS 0x0000000080900000, 0x0000000080900000| Untracked 
|   9|0x0000000080900000, 0x0000000080a00000, 0x0000000080a00000|100%| O|  |TAMS 0x0000000080a00000, 0x0000000080a00000| Untracked 
|  10|0x0000000080a00000, 0x0000000080b00000, 0x0000000080b00000|100%| O|  |TAMS 0x0000000080b00000, 0x0000000080b00000| Untracked 
|  11|0x0000000080b00000, 0x0000000080c00000, 0x0000000080c00000|100%| O|  |TAMS 0x0000000080c00000, 0x0000000080c00000| Untracked 
|  12|0x0000000080c00000, 0x0000000080d00000, 0x0000000080d00000|100%| O|  |TAMS 0x0000000080d00000, 0x0000000080d00000| Untracked 
|  13|0x0000000080d00000, 0x0000000080e00000, 0x0000000080e00000|100%| O|  |TAMS 0x0000000080e00000, 0x0000000080e00000| Untracked 
|  14|0x0000000080e00000, 0x0000000080f00000, 0x0000000080f00000|100%| O|  |TAMS 0x0000000080f00000, 0x0000000080f00000| Untracked 
|  15|0x0000000080f00000, 0x0000000081000000, 0x0000000081000000|100%| O|  |TAMS 0x0000000081000000, 0x0000000081000000| Untracked 
|  16|0x0000000081000000, 0x0000000081100000, 0x0000000081100000|100%|HS|  |TAMS 0x0000000081100000, 0x0000000081100000| Complete 
|  17|0x0000000081100000, 0x0000000081200000, 0x0000000081200000|100%| O|  |TAMS 0x0000000081200000, 0x0000000081200000| Untracked 
|  18|0x0000000081200000, 0x0000000081300000, 0x0000000081300000|100%| O|  |TAMS 0x0000000081300000, 0x0000000081300000| Untracked 
|  19|0x0000000081300000, 0x0000000081400000, 0x0000000081400000|100%| O|  |TAMS 0x0000000081400000, 0x0000000081400000| Untracked 
|  20|0x0000000081400000, 0x0000000081500000, 0x0000000081500000|100%| O|  |TAMS 0x0000000081500000, 0x0000000081500000| Untracked 
|  21|0x0000000081500000, 0x0000000081600000, 0x0000000081600000|100%| O|  |TAMS 0x0000000081600000, 0x0000000081600000| Untracked 
|  22|0x0000000081600000, 0x0000000081700000, 0x0000000081700000|100%| O|  |TAMS 0x0000000081700000, 0x0000000081700000| Untracked 
|  23|0x0000000081700000, 0x0000000081800000, 0x0000000081800000|100%| O|  |TAMS 0x0000000081800000, 0x0000000081800000| Untracked 
|  24|0x0000000081800000, 0x0000000081900000, 0x0000000081900000|100%|HS|  |TAMS 0x0000000081900000, 0x0000000081900000| Complete 
|  25|0x0000000081900000, 0x0000000081a00000, 0x0000000081a00000|100%| O|  |TAMS 0x0000000081a00000, 0x0000000081a00000| Untracked 
|  26|0x0000000081a00000, 0x0000000081b00000, 0x0000000081b00000|100%| O|  |TAMS 0x0000000081b00000, 0x0000000081b00000| Untracked 
|  27|0x0000000081b00000, 0x0000000081c00000, 0x0000000081c00000|100%| O|  |TAMS 0x0000000081c00000, 0x0000000081c00000| Untracked 
|  28|0x0000000081c00000, 0x0000000081d00000, 0x0000000081d00000|100%| O|  |TAMS 0x0000000081c00000, 0x0000000081d00000| Untracked 
|  29|0x0000000081d00000, 0x0000000081e00000, 0x0000000081e00000|100%|HS|  |TAMS 0x0000000081e00000, 0x0000000081e00000| Complete 
|  30|0x0000000081e00000, 0x0000000081f00000, 0x0000000081f00000|100%|HC|  |TAMS 0x0000000081f00000, 0x0000000081f00000| Complete 
|  31|0x0000000081f00000, 0x0000000082000000, 0x0000000082000000|100%| O|  |TAMS 0x0000000082000000, 0x0000000082000000| Untracked 
|  32|0x0000000082000000, 0x0000000082100000, 0x0000000082100000|100%| O|  |TAMS 0x0000000082100000, 0x0000000082100000| Untracked 
|  33|0x0000000082100000, 0x0000000082200000, 0x0000000082200000|100%| O|  |TAMS 0x0000000082200000, 0x0000000082200000| Untracked 
|  34|0x0000000082200000, 0x0000000082300000, 0x0000000082300000|100%| O|  |TAMS 0x0000000082300000, 0x0000000082300000| Untracked 
|  35|0x0000000082300000, 0x0000000082400000, 0x0000000082400000|100%| O|  |TAMS 0x0000000082400000, 0x0000000082400000| Untracked 
|  36|0x0000000082400000, 0x0000000082500000, 0x0000000082500000|100%| O|  |TAMS 0x0000000082400000, 0x0000000082500000| Untracked 
|  37|0x0000000082500000, 0x0000000082600000, 0x0000000082600000|100%| O|  |TAMS 0x0000000082500000, 0x0000000082600000| Untracked 
|  38|0x0000000082600000, 0x0000000082700000, 0x0000000082700000|100%| O|  |TAMS 0x0000000082700000, 0x0000000082700000| Untracked 
|  39|0x0000000082700000, 0x0000000082800000, 0x0000000082800000|100%| O|  |TAMS 0x0000000082800000, 0x0000000082800000| Untracked 
|  40|0x0000000082800000, 0x0000000082900000, 0x0000000082900000|100%| O|  |TAMS 0x0000000082900000, 0x0000000082900000| Untracked 
|  41|0x0000000082900000, 0x0000000082a00000, 0x0000000082a00000|100%| O|  |TAMS 0x0000000082a00000, 0x0000000082a00000| Untracked 
|  42|0x0000000082a00000, 0x0000000082b00000, 0x0000000082b00000|100%| O|  |TAMS 0x0000000082b00000, 0x0000000082b00000| Untracked 
|  43|0x0000000082b00000, 0x0000000082c00000, 0x0000000082c00000|100%| O|  |TAMS 0x0000000082c00000, 0x0000000082c00000| Untracked 
|  44|0x0000000082c00000, 0x0000000082d00000, 0x0000000082d00000|100%| O|  |TAMS 0x0000000082d00000, 0x0000000082d00000| Untracked 
|  45|0x0000000082d00000, 0x0000000082e00000, 0x0000000082e00000|100%| O|  |TAMS 0x0000000082e00000, 0x0000000082e00000| Untracked 
|  46|0x0000000082e00000, 0x0000000082f00000, 0x0000000082f00000|100%| O|  |TAMS 0x0000000082f00000, 0x0000000082f00000| Untracked 
|  47|0x0000000082f00000, 0x0000000083000000, 0x0000000083000000|100%| O|  |TAMS 0x0000000083000000, 0x0000000083000000| Untracked 
|  48|0x0000000083000000, 0x0000000083000000, 0x0000000083100000|  0%| F|  |TAMS 0x0000000083000000, 0x0000000083000000| Untracked 
|  49|0x0000000083100000, 0x0000000083200000, 0x0000000083200000|100%| O|  |TAMS 0x0000000083100000, 0x0000000083200000| Untracked 
|  50|0x0000000083200000, 0x0000000083300000, 0x0000000083300000|100%| O|  |TAMS 0x0000000083300000, 0x0000000083300000| Untracked 
|  51|0x0000000083300000, 0x0000000083400000, 0x0000000083400000|100%| O|  |TAMS 0x0000000083400000, 0x0000000083400000| Untracked 
|  52|0x0000000083400000, 0x0000000083500000, 0x0000000083500000|100%| O|  |TAMS 0x0000000083500000, 0x0000000083500000| Untracked 
|  53|0x0000000083500000, 0x0000000083600000, 0x0000000083600000|100%| O|  |TAMS 0x0000000083600000, 0x0000000083600000| Untracked 
|  54|0x0000000083600000, 0x0000000083700000, 0x0000000083700000|100%| O|  |TAMS 0x0000000083700000, 0x0000000083700000| Untracked 
|  55|0x0000000083700000, 0x0000000083800000, 0x0000000083800000|100%| O|  |TAMS 0x0000000083800000, 0x0000000083800000| Untracked 
|  56|0x0000000083800000, 0x0000000083900000, 0x0000000083900000|100%| O|  |TAMS 0x0000000083900000, 0x0000000083900000| Untracked 
|  57|0x0000000083900000, 0x0000000083a00000, 0x0000000083a00000|100%| O|  |TAMS 0x0000000083900000, 0x0000000083a00000| Untracked 
|  58|0x0000000083a00000, 0x0000000083b00000, 0x0000000083b00000|100%| O|  |TAMS 0x0000000083b00000, 0x0000000083b00000| Untracked 
|  59|0x0000000083b00000, 0x0000000083c00000, 0x0000000083c00000|100%| O|  |TAMS 0x0000000083c00000, 0x0000000083c00000| Untracked 
|  60|0x0000000083c00000, 0x0000000083d00000, 0x0000000083d00000|100%| O|  |TAMS 0x0000000083d00000, 0x0000000083d00000| Untracked 
|  61|0x0000000083d00000, 0x0000000083e00000, 0x0000000083e00000|100%| O|  |TAMS 0x0000000083e00000, 0x0000000083e00000| Untracked 
|  62|0x0000000083e00000, 0x0000000083f00000, 0x0000000083f00000|100%| O|  |TAMS 0x0000000083f00000, 0x0000000083f00000| Untracked 
|  63|0x0000000083f00000, 0x0000000084000000, 0x0000000084000000|100%| O|  |TAMS 0x0000000084000000, 0x0000000084000000| Untracked 
|  64|0x0000000084000000, 0x0000000084100000, 0x0000000084100000|100%|HS|  |TAMS 0x0000000084100000, 0x0000000084100000| Complete 
|  65|0x0000000084100000, 0x0000000084200000, 0x0000000084200000|100%|HC|  |TAMS 0x0000000084200000, 0x0000000084200000| Complete 
|  66|0x0000000084200000, 0x0000000084204a00, 0x0000000084300000|  1%| O|  |TAMS 0x0000000084200000, 0x0000000084204a00| Untracked 
|  67|0x0000000084300000, 0x0000000084400000, 0x0000000084400000|100%|HS|  |TAMS 0x0000000084400000, 0x0000000084400000| Complete 
|  68|0x0000000084400000, 0x0000000084500000, 0x0000000084500000|100%| O|  |TAMS 0x0000000084500000, 0x0000000084500000| Untracked 
|  69|0x0000000084500000, 0x0000000084600000, 0x0000000084600000|100%| O|  |TAMS 0x0000000084600000, 0x0000000084600000| Untracked 
|  70|0x0000000084600000, 0x0000000084600000, 0x0000000084700000|  0%| F|  |TAMS 0x0000000084600000, 0x0000000084600000| Untracked 
|  71|0x0000000084700000, 0x0000000084800000, 0x0000000084800000|100%| O|  |TAMS 0x0000000084800000, 0x0000000084800000| Untracked 
|  72|0x0000000084800000, 0x0000000084900000, 0x0000000084900000|100%| O|  |TAMS 0x0000000084900000, 0x0000000084900000| Untracked 
|  73|0x0000000084900000, 0x0000000084a00000, 0x0000000084a00000|100%| O|  |TAMS 0x0000000084a00000, 0x0000000084a00000| Untracked 
|  74|0x0000000084a00000, 0x0000000084b00000, 0x0000000084b00000|100%| O|  |TAMS 0x0000000084b00000, 0x0000000084b00000| Untracked 
|  75|0x0000000084b00000, 0x0000000084c00000, 0x0000000084c00000|100%| O|  |TAMS 0x0000000084c00000, 0x0000000084c00000| Untracked 
|  76|0x0000000084c00000, 0x0000000084d00000, 0x0000000084d00000|100%| O|  |TAMS 0x0000000084d00000, 0x0000000084d00000| Untracked 
|  77|0x0000000084d00000, 0x0000000084e00000, 0x0000000084e00000|100%| O|  |TAMS 0x0000000084e00000, 0x0000000084e00000| Untracked 
|  78|0x0000000084e00000, 0x0000000084f00000, 0x0000000084f00000|100%| O|  |TAMS 0x0000000084f00000, 0x0000000084f00000| Untracked 
|  79|0x0000000084f00000, 0x0000000085000000, 0x0000000085000000|100%| O|  |TAMS 0x0000000085000000, 0x0000000085000000| Untracked 
|  80|0x0000000085000000, 0x0000000085100000, 0x0000000085100000|100%| O|  |TAMS 0x0000000085100000, 0x0000000085100000| Untracked 
|  81|0x0000000085100000, 0x0000000085200000, 0x0000000085200000|100%| O|  |TAMS 0x0000000085200000, 0x0000000085200000| Untracked 
|  82|0x0000000085200000, 0x0000000085300000, 0x0000000085300000|100%| O|  |TAMS 0x0000000085300000, 0x0000000085300000| Untracked 
|  83|0x0000000085300000, 0x0000000085400000, 0x0000000085400000|100%| O|  |TAMS 0x0000000085400000, 0x0000000085400000| Untracked 
|  84|0x0000000085400000, 0x0000000085500000, 0x0000000085500000|100%| O|  |TAMS 0x0000000085500000, 0x0000000085500000| Untracked 
|  85|0x0000000085500000, 0x0000000085600000, 0x0000000085600000|100%| O|  |TAMS 0x0000000085600000, 0x0000000085600000| Untracked 
|  86|0x0000000085600000, 0x0000000085600000, 0x0000000085700000|  0%| F|  |TAMS 0x0000000085600000, 0x0000000085600000| Untracked 
|  87|0x0000000085700000, 0x0000000085800000, 0x0000000085800000|100%| O|  |TAMS 0x0000000085800000, 0x0000000085800000| Untracked 
|  88|0x0000000085800000, 0x0000000085900000, 0x0000000085900000|100%| O|  |TAMS 0x0000000085900000, 0x0000000085900000| Untracked 
|  89|0x0000000085900000, 0x0000000085a00000, 0x0000000085a00000|100%| O|  |TAMS 0x0000000085a00000, 0x0000000085a00000| Untracked 
|  90|0x0000000085a00000, 0x0000000085b00000, 0x0000000085b00000|100%|HS|  |TAMS 0x0000000085b00000, 0x0000000085b00000| Complete 
|  91|0x0000000085b00000, 0x0000000085c00000, 0x0000000085c00000|100%| O|  |TAMS 0x0000000085c00000, 0x0000000085c00000| Untracked 
|  92|0x0000000085c00000, 0x0000000085d00000, 0x0000000085d00000|100%|HS|  |TAMS 0x0000000085d00000, 0x0000000085d00000| Complete 
|  93|0x0000000085d00000, 0x0000000085e00000, 0x0000000085e00000|100%|HC|  |TAMS 0x0000000085e00000, 0x0000000085e00000| Complete 
|  94|0x0000000085e00000, 0x0000000085f00000, 0x0000000085f00000|100%|HC|  |TAMS 0x0000000085f00000, 0x0000000085f00000| Complete 
|  95|0x0000000085f00000, 0x0000000086000000, 0x0000000086000000|100%| O|  |TAMS 0x0000000086000000, 0x0000000086000000| Untracked 
|  96|0x0000000086000000, 0x0000000086100000, 0x0000000086100000|100%| O|  |TAMS 0x0000000086100000, 0x0000000086100000| Untracked 
|  97|0x0000000086100000, 0x0000000086200000, 0x0000000086200000|100%| O|  |TAMS 0x0000000086200000, 0x0000000086200000| Untracked 
|  98|0x0000000086200000, 0x0000000086300000, 0x0000000086300000|100%| O|  |TAMS 0x0000000086300000, 0x0000000086300000| Untracked 
|  99|0x0000000086300000, 0x0000000086400000, 0x0000000086400000|100%| O|  |TAMS 0x0000000086400000, 0x0000000086400000| Untracked 
| 100|0x0000000086400000, 0x0000000086500000, 0x0000000086500000|100%| O|  |TAMS 0x0000000086500000, 0x0000000086500000| Untracked 
| 101|0x0000000086500000, 0x0000000086600000, 0x0000000086600000|100%| O|  |TAMS 0x0000000086600000, 0x0000000086600000| Untracked 
| 102|0x0000000086600000, 0x0000000086700000, 0x0000000086700000|100%| O|  |TAMS 0x0000000086700000, 0x0000000086700000| Untracked 
| 103|0x0000000086700000, 0x0000000086800000, 0x0000000086800000|100%| O|  |TAMS 0x0000000086800000, 0x0000000086800000| Untracked 
| 104|0x0000000086800000, 0x0000000086900000, 0x0000000086900000|100%| O|  |TAMS 0x0000000086900000, 0x0000000086900000| Untracked 
| 105|0x0000000086900000, 0x0000000086a00000, 0x0000000086a00000|100%| O|  |TAMS 0x0000000086a00000, 0x0000000086a00000| Untracked 
| 106|0x0000000086a00000, 0x0000000086b00000, 0x0000000086b00000|100%| O|  |TAMS 0x0000000086b00000, 0x0000000086b00000| Untracked 
| 107|0x0000000086b00000, 0x0000000086c00000, 0x0000000086c00000|100%| O|  |TAMS 0x0000000086c00000, 0x0000000086c00000| Untracked 
| 108|0x0000000086c00000, 0x0000000086d00000, 0x0000000086d00000|100%|HS|  |TAMS 0x0000000086d00000, 0x0000000086d00000| Complete 
| 109|0x0000000086d00000, 0x0000000086e00000, 0x0000000086e00000|100%|HC|  |TAMS 0x0000000086e00000, 0x0000000086e00000| Complete 
| 110|0x0000000086e00000, 0x0000000086f00000, 0x0000000086f00000|100%|HC|  |TAMS 0x0000000086f00000, 0x0000000086f00000| Complete 
| 111|0x0000000086f00000, 0x0000000087000000, 0x0000000087000000|100%|HC|  |TAMS 0x0000000087000000, 0x0000000087000000| Complete 
| 112|0x0000000087000000, 0x0000000087100000, 0x0000000087100000|100%|HS|  |TAMS 0x0000000087100000, 0x0000000087100000| Complete 
| 113|0x0000000087100000, 0x0000000087200000, 0x0000000087200000|100%|HC|  |TAMS 0x0000000087200000, 0x0000000087200000| Complete 
| 114|0x0000000087200000, 0x0000000087300000, 0x0000000087300000|100%|HS|  |TAMS 0x0000000087300000, 0x0000000087300000| Complete 
| 115|0x0000000087300000, 0x0000000087400000, 0x0000000087400000|100%|HC|  |TAMS 0x0000000087400000, 0x0000000087400000| Complete 
| 116|0x0000000087400000, 0x0000000087500000, 0x0000000087500000|100%|HC|  |TAMS 0x0000000087500000, 0x0000000087500000| Complete 
| 117|0x0000000087500000, 0x0000000087600000, 0x0000000087600000|100%|HS|  |TAMS 0x0000000087600000, 0x0000000087600000| Complete 
| 118|0x0000000087600000, 0x0000000087700000, 0x0000000087700000|100%|HC|  |TAMS 0x0000000087700000, 0x0000000087700000| Complete 
| 119|0x0000000087700000, 0x0000000087800000, 0x0000000087800000|100%|HC|  |TAMS 0x0000000087800000, 0x0000000087800000| Complete 
| 120|0x0000000087800000, 0x0000000087900000, 0x0000000087900000|100%|HC|  |TAMS 0x0000000087900000, 0x0000000087900000| Complete 
| 121|0x0000000087900000, 0x0000000087a00000, 0x0000000087a00000|100%|HS|  |TAMS 0x0000000087a00000, 0x0000000087a00000| Complete 
| 122|0x0000000087a00000, 0x0000000087b00000, 0x0000000087b00000|100%|HS|  |TAMS 0x0000000087b00000, 0x0000000087b00000| Complete 
| 123|0x0000000087b00000, 0x0000000087c00000, 0x0000000087c00000|100%|HC|  |TAMS 0x0000000087c00000, 0x0000000087c00000| Complete 
| 124|0x0000000087c00000, 0x0000000087d00000, 0x0000000087d00000|100%|HC|  |TAMS 0x0000000087d00000, 0x0000000087d00000| Complete 
| 125|0x0000000087d00000, 0x0000000087e00000, 0x0000000087e00000|100%| O|  |TAMS 0x0000000087e00000, 0x0000000087e00000| Untracked 
| 126|0x0000000087e00000, 0x0000000087f00000, 0x0000000087f00000|100%| O|  |TAMS 0x0000000087f00000, 0x0000000087f00000| Untracked 
| 127|0x0000000087f00000, 0x0000000088000000, 0x0000000088000000|100%| O|  |TAMS 0x0000000088000000, 0x0000000088000000| Untracked 
| 128|0x0000000088000000, 0x0000000088000000, 0x0000000088100000|  0%| F|  |TAMS 0x0000000088000000, 0x0000000088000000| Untracked 
| 129|0x0000000088100000, 0x0000000088200000, 0x0000000088200000|100%| O|  |TAMS 0x0000000088200000, 0x0000000088200000| Untracked 
| 130|0x0000000088200000, 0x0000000088300000, 0x0000000088300000|100%| O|  |TAMS 0x0000000088300000, 0x0000000088300000| Untracked 
| 131|0x0000000088300000, 0x0000000088300000, 0x0000000088400000|  0%| F|  |TAMS 0x0000000088300000, 0x0000000088300000| Untracked 
| 132|0x0000000088400000, 0x0000000088500000, 0x0000000088500000|100%| O|  |TAMS 0x0000000088500000, 0x0000000088500000| Untracked 
| 133|0x0000000088500000, 0x0000000088600000, 0x0000000088600000|100%| O|  |TAMS 0x0000000088600000, 0x0000000088600000| Untracked 
| 134|0x0000000088600000, 0x0000000088700000, 0x0000000088700000|100%|HS|  |TAMS 0x0000000088700000, 0x0000000088700000| Complete 
| 135|0x0000000088700000, 0x0000000088800000, 0x0000000088800000|100%|HC|  |TAMS 0x0000000088800000, 0x0000000088800000| Complete 
| 136|0x0000000088800000, 0x0000000088900000, 0x0000000088900000|100%|HC|  |TAMS 0x0000000088900000, 0x0000000088900000| Complete 
| 137|0x0000000088900000, 0x0000000088a00000, 0x0000000088a00000|100%|HC|  |TAMS 0x0000000088a00000, 0x0000000088a00000| Complete 
| 138|0x0000000088a00000, 0x0000000088b00000, 0x0000000088b00000|100%| O|  |TAMS 0x0000000088b00000, 0x0000000088b00000| Untracked 
| 139|0x0000000088b00000, 0x0000000088c00000, 0x0000000088c00000|100%| O|  |TAMS 0x0000000088c00000, 0x0000000088c00000| Untracked 
| 140|0x0000000088c00000, 0x0000000088d00000, 0x0000000088d00000|100%| O|  |TAMS 0x0000000088d00000, 0x0000000088d00000| Untracked 
| 141|0x0000000088d00000, 0x0000000088e00000, 0x0000000088e00000|100%| O|  |TAMS 0x0000000088e00000, 0x0000000088e00000| Untracked 
| 142|0x0000000088e00000, 0x0000000088f00000, 0x0000000088f00000|100%| O|  |TAMS 0x0000000088f00000, 0x0000000088f00000| Untracked 
| 143|0x0000000088f00000, 0x0000000089000000, 0x0000000089000000|100%| O|  |TAMS 0x0000000089000000, 0x0000000089000000| Untracked 
| 144|0x0000000089000000, 0x0000000089100000, 0x0000000089100000|100%| O|  |TAMS 0x0000000089100000, 0x0000000089100000| Untracked 
| 145|0x0000000089100000, 0x0000000089200000, 0x0000000089200000|100%| O|  |TAMS 0x0000000089200000, 0x0000000089200000| Untracked 
| 146|0x0000000089200000, 0x0000000089300000, 0x0000000089300000|100%| O|  |TAMS 0x0000000089300000, 0x0000000089300000| Untracked 
| 147|0x0000000089300000, 0x0000000089300000, 0x0000000089400000|  0%| F|  |TAMS 0x0000000089300000, 0x0000000089300000| Untracked 
| 148|0x0000000089400000, 0x0000000089500000, 0x0000000089500000|100%| O|  |TAMS 0x0000000089500000, 0x0000000089500000| Untracked 
| 149|0x0000000089500000, 0x0000000089600000, 0x0000000089600000|100%|HS|  |TAMS 0x0000000089600000, 0x0000000089600000| Complete 
| 150|0x0000000089600000, 0x0000000089700000, 0x0000000089700000|100%|HC|  |TAMS 0x0000000089700000, 0x0000000089700000| Complete 
| 151|0x0000000089700000, 0x0000000089800000, 0x0000000089800000|100%| O|  |TAMS 0x0000000089800000, 0x0000000089800000| Untracked 
| 152|0x0000000089800000, 0x0000000089900000, 0x0000000089900000|100%| O|  |TAMS 0x0000000089900000, 0x0000000089900000| Untracked 
| 153|0x0000000089900000, 0x0000000089a00000, 0x0000000089a00000|100%| O|  |TAMS 0x0000000089a00000, 0x0000000089a00000| Untracked 
| 154|0x0000000089a00000, 0x0000000089b00000, 0x0000000089b00000|100%| O|  |TAMS 0x0000000089b00000, 0x0000000089b00000| Untracked 
| 155|0x0000000089b00000, 0x0000000089c00000, 0x0000000089c00000|100%| O|  |TAMS 0x0000000089c00000, 0x0000000089c00000| Untracked 
| 156|0x0000000089c00000, 0x0000000089c00000, 0x0000000089d00000|  0%| F|  |TAMS 0x0000000089c00000, 0x0000000089c00000| Untracked 
| 157|0x0000000089d00000, 0x0000000089e00000, 0x0000000089e00000|100%| O|  |TAMS 0x0000000089e00000, 0x0000000089e00000| Untracked 
| 158|0x0000000089e00000, 0x0000000089e00000, 0x0000000089f00000|  0%| F|  |TAMS 0x0000000089e00000, 0x0000000089e00000| Untracked 
| 159|0x0000000089f00000, 0x000000008a000000, 0x000000008a000000|100%| O|  |TAMS 0x000000008a000000, 0x000000008a000000| Untracked 
| 160|0x000000008a000000, 0x000000008a100000, 0x000000008a100000|100%|HS|  |TAMS 0x000000008a000000, 0x000000008a000000| Complete 
| 161|0x000000008a100000, 0x000000008a200000, 0x000000008a200000|100%|HC|  |TAMS 0x000000008a100000, 0x000000008a100000| Complete 
| 162|0x000000008a200000, 0x000000008a300000, 0x000000008a300000|100%| O|  |TAMS 0x000000008a300000, 0x000000008a300000| Untracked 
| 163|0x000000008a300000, 0x000000008a300000, 0x000000008a400000|  0%| F|  |TAMS 0x000000008a300000, 0x000000008a300000| Untracked 
| 164|0x000000008a400000, 0x000000008a500000, 0x000000008a500000|100%| O|  |TAMS 0x000000008a500000, 0x000000008a500000| Untracked 
| 165|0x000000008a500000, 0x000000008a500000, 0x000000008a600000|  0%| F|  |TAMS 0x000000008a500000, 0x000000008a500000| Untracked 
| 166|0x000000008a600000, 0x000000008a600000, 0x000000008a700000|  0%| F|  |TAMS 0x000000008a600000, 0x000000008a600000| Untracked 
| 167|0x000000008a700000, 0x000000008a800000, 0x000000008a800000|100%| O|  |TAMS 0x000000008a800000, 0x000000008a800000| Untracked 
| 168|0x000000008a800000, 0x000000008a800000, 0x000000008a900000|  0%| F|  |TAMS 0x000000008a800000, 0x000000008a800000| Untracked 
| 169|0x000000008a900000, 0x000000008a900000, 0x000000008aa00000|  0%| F|  |TAMS 0x000000008a900000, 0x000000008a900000| Untracked 
| 170|0x000000008aa00000, 0x000000008ab00000, 0x000000008ab00000|100%| O|  |TAMS 0x000000008ab00000, 0x000000008ab00000| Untracked 
| 171|0x000000008ab00000, 0x000000008ac00000, 0x000000008ac00000|100%| O|  |TAMS 0x000000008ac00000, 0x000000008ac00000| Untracked 
| 172|0x000000008ac00000, 0x000000008ad00000, 0x000000008ad00000|100%| O|  |TAMS 0x000000008ad00000, 0x000000008ad00000| Untracked 
| 173|0x000000008ad00000, 0x000000008ae00000, 0x000000008ae00000|100%| O|  |TAMS 0x000000008ae00000, 0x000000008ae00000| Untracked 
| 174|0x000000008ae00000, 0x000000008af00000, 0x000000008af00000|100%| O|  |TAMS 0x000000008af00000, 0x000000008af00000| Untracked 
| 175|0x000000008af00000, 0x000000008b000000, 0x000000008b000000|100%| O|  |TAMS 0x000000008b000000, 0x000000008b000000| Untracked 
| 176|0x000000008b000000, 0x000000008b000000, 0x000000008b100000|  0%| F|  |TAMS 0x000000008b000000, 0x000000008b000000| Untracked 
| 177|0x000000008b100000, 0x000000008b100000, 0x000000008b200000|  0%| F|  |TAMS 0x000000008b100000, 0x000000008b100000| Untracked 
| 178|0x000000008b200000, 0x000000008b200000, 0x000000008b300000|  0%| F|  |TAMS 0x000000008b200000, 0x000000008b200000| Untracked 
| 179|0x000000008b300000, 0x000000008b400000, 0x000000008b400000|100%| O|  |TAMS 0x000000008b400000, 0x000000008b400000| Untracked 
| 180|0x000000008b400000, 0x000000008b500000, 0x000000008b500000|100%| O|  |TAMS 0x000000008b500000, 0x000000008b500000| Untracked 
| 181|0x000000008b500000, 0x000000008b500000, 0x000000008b600000|  0%| F|  |TAMS 0x000000008b500000, 0x000000008b500000| Untracked 
| 182|0x000000008b600000, 0x000000008b600000, 0x000000008b700000|  0%| F|  |TAMS 0x000000008b600000, 0x000000008b600000| Untracked 
| 183|0x000000008b700000, 0x000000008b700000, 0x000000008b800000|  0%| F|  |TAMS 0x000000008b700000, 0x000000008b700000| Untracked 
| 184|0x000000008b800000, 0x000000008b900000, 0x000000008b900000|100%| O|  |TAMS 0x000000008b900000, 0x000000008b900000| Untracked 
| 185|0x000000008b900000, 0x000000008b900000, 0x000000008ba00000|  0%| F|  |TAMS 0x000000008b900000, 0x000000008b900000| Untracked 
| 186|0x000000008ba00000, 0x000000008bb00000, 0x000000008bb00000|100%| O|  |TAMS 0x000000008ba89400, 0x000000008bb00000| Untracked 
| 187|0x000000008bb00000, 0x000000008bc00000, 0x000000008bc00000|100%| O|  |TAMS 0x000000008bc00000, 0x000000008bc00000| Untracked 
| 188|0x000000008bc00000, 0x000000008bd00000, 0x000000008bd00000|100%| O|  |TAMS 0x000000008bd00000, 0x000000008bd00000| Untracked 
| 189|0x000000008bd00000, 0x000000008be00000, 0x000000008be00000|100%| O|  |TAMS 0x000000008be00000, 0x000000008be00000| Untracked 
| 190|0x000000008be00000, 0x000000008bf00000, 0x000000008bf00000|100%| O|  |TAMS 0x000000008bf00000, 0x000000008bf00000| Untracked 
| 191|0x000000008bf00000, 0x000000008c000000, 0x000000008c000000|100%| O|  |TAMS 0x000000008c000000, 0x000000008c000000| Untracked 
| 192|0x000000008c000000, 0x000000008c000000, 0x000000008c100000|  0%| F|  |TAMS 0x000000008c000000, 0x000000008c000000| Untracked 
| 193|0x000000008c100000, 0x000000008c200000, 0x000000008c200000|100%| O|  |TAMS 0x000000008c200000, 0x000000008c200000| Untracked 
| 194|0x000000008c200000, 0x000000008c200000, 0x000000008c300000|  0%| F|  |TAMS 0x000000008c200000, 0x000000008c200000| Untracked 
| 195|0x000000008c300000, 0x000000008c400000, 0x000000008c400000|100%| O|  |TAMS 0x000000008c400000, 0x000000008c400000| Untracked 
| 196|0x000000008c400000, 0x000000008c500000, 0x000000008c500000|100%| O|  |TAMS 0x000000008c500000, 0x000000008c500000| Untracked 
| 197|0x000000008c500000, 0x000000008c600000, 0x000000008c600000|100%| O|  |TAMS 0x000000008c600000, 0x000000008c600000| Untracked 
| 198|0x000000008c600000, 0x000000008c600000, 0x000000008c700000|  0%| F|  |TAMS 0x000000008c600000, 0x000000008c600000| Untracked 
| 199|0x000000008c700000, 0x000000008c800000, 0x000000008c800000|100%| O|  |TAMS 0x000000008c800000, 0x000000008c800000| Untracked 
| 200|0x000000008c800000, 0x000000008c800000, 0x000000008c900000|  0%| F|  |TAMS 0x000000008c800000, 0x000000008c800000| Untracked 
| 201|0x000000008c900000, 0x000000008c900000, 0x000000008ca00000|  0%| F|  |TAMS 0x000000008c900000, 0x000000008c900000| Untracked 
| 202|0x000000008ca00000, 0x000000008ca00000, 0x000000008cb00000|  0%| F|  |TAMS 0x000000008ca00000, 0x000000008ca00000| Untracked 
| 203|0x000000008cb00000, 0x000000008cb00000, 0x000000008cc00000|  0%| F|  |TAMS 0x000000008cb00000, 0x000000008cb00000| Untracked 
| 204|0x000000008cc00000, 0x000000008cc00000, 0x000000008cd00000|  0%| F|  |TAMS 0x000000008cc00000, 0x000000008cc00000| Untracked 
| 205|0x000000008cd00000, 0x000000008cd00000, 0x000000008ce00000|  0%| F|  |TAMS 0x000000008cd00000, 0x000000008cd00000| Untracked 
| 206|0x000000008ce00000, 0x000000008ce00000, 0x000000008cf00000|  0%| F|  |TAMS 0x000000008ce00000, 0x000000008ce00000| Untracked 
| 207|0x000000008cf00000, 0x000000008cf00000, 0x000000008d000000|  0%| F|  |TAMS 0x000000008cf00000, 0x000000008cf00000| Untracked 
| 208|0x000000008d000000, 0x000000008d000000, 0x000000008d100000|  0%| F|  |TAMS 0x000000008d000000, 0x000000008d000000| Untracked 
| 209|0x000000008d100000, 0x000000008d100000, 0x000000008d200000|  0%| F|  |TAMS 0x000000008d100000, 0x000000008d100000| Untracked 
| 210|0x000000008d200000, 0x000000008d200000, 0x000000008d300000|  0%| F|  |TAMS 0x000000008d200000, 0x000000008d200000| Untracked 
| 211|0x000000008d300000, 0x000000008d300000, 0x000000008d400000|  0%| F|  |TAMS 0x000000008d300000, 0x000000008d300000| Untracked 
| 212|0x000000008d400000, 0x000000008d400000, 0x000000008d500000|  0%| F|  |TAMS 0x000000008d400000, 0x000000008d400000| Untracked 
| 213|0x000000008d500000, 0x000000008d500000, 0x000000008d600000|  0%| F|  |TAMS 0x000000008d500000, 0x000000008d500000| Untracked 
| 214|0x000000008d600000, 0x000000008d600000, 0x000000008d700000|  0%| F|  |TAMS 0x000000008d600000, 0x000000008d600000| Untracked 
| 215|0x000000008d700000, 0x000000008d700000, 0x000000008d800000|  0%| F|  |TAMS 0x000000008d700000, 0x000000008d700000| Untracked 
| 216|0x000000008d800000, 0x000000008d800000, 0x000000008d900000|  0%| F|  |TAMS 0x000000008d800000, 0x000000008d800000| Untracked 
| 217|0x000000008d900000, 0x000000008d900000, 0x000000008da00000|  0%| F|  |TAMS 0x000000008d900000, 0x000000008d900000| Untracked 
| 218|0x000000008da00000, 0x000000008da00000, 0x000000008db00000|  0%| F|  |TAMS 0x000000008da00000, 0x000000008da00000| Untracked 
| 219|0x000000008db00000, 0x000000008db00000, 0x000000008dc00000|  0%| F|  |TAMS 0x000000008db00000, 0x000000008db00000| Untracked 
| 220|0x000000008dc00000, 0x000000008dc00000, 0x000000008dd00000|  0%| F|  |TAMS 0x000000008dc00000, 0x000000008dc00000| Untracked 
| 221|0x000000008dd00000, 0x000000008dd00000, 0x000000008de00000|  0%| F|  |TAMS 0x000000008dd00000, 0x000000008dd00000| Untracked 
| 222|0x000000008de00000, 0x000000008de00000, 0x000000008df00000|  0%| F|  |TAMS 0x000000008de00000, 0x000000008de00000| Untracked 
| 223|0x000000008df00000, 0x000000008df00000, 0x000000008e000000|  0%| F|  |TAMS 0x000000008df00000, 0x000000008df00000| Untracked 
| 224|0x000000008e000000, 0x000000008e000000, 0x000000008e100000|  0%| F|  |TAMS 0x000000008e000000, 0x000000008e000000| Untracked 
| 225|0x000000008e100000, 0x000000008e100000, 0x000000008e200000|  0%| F|  |TAMS 0x000000008e100000, 0x000000008e100000| Untracked 
| 226|0x000000008e200000, 0x000000008e200000, 0x000000008e300000|  0%| F|  |TAMS 0x000000008e200000, 0x000000008e200000| Untracked 
| 227|0x000000008e300000, 0x000000008e300000, 0x000000008e400000|  0%| F|  |TAMS 0x000000008e300000, 0x000000008e300000| Untracked 
| 228|0x000000008e400000, 0x000000008e400000, 0x000000008e500000|  0%| F|  |TAMS 0x000000008e400000, 0x000000008e400000| Untracked 
| 229|0x000000008e500000, 0x000000008e500000, 0x000000008e600000|  0%| F|  |TAMS 0x000000008e500000, 0x000000008e500000| Untracked 
| 230|0x000000008e600000, 0x000000008e600000, 0x000000008e700000|  0%| F|  |TAMS 0x000000008e600000, 0x000000008e600000| Untracked 
| 231|0x000000008e700000, 0x000000008e700000, 0x000000008e800000|  0%| F|  |TAMS 0x000000008e700000, 0x000000008e700000| Untracked 
| 232|0x000000008e800000, 0x000000008e800000, 0x000000008e900000|  0%| F|  |TAMS 0x000000008e800000, 0x000000008e800000| Untracked 
| 233|0x000000008e900000, 0x000000008e900000, 0x000000008ea00000|  0%| F|  |TAMS 0x000000008e900000, 0x000000008e900000| Untracked 
| 234|0x000000008ea00000, 0x000000008ea00000, 0x000000008eb00000|  0%| F|  |TAMS 0x000000008ea00000, 0x000000008ea00000| Untracked 
| 235|0x000000008eb00000, 0x000000008eb00000, 0x000000008ec00000|  0%| F|  |TAMS 0x000000008eb00000, 0x000000008eb00000| Untracked 
| 236|0x000000008ec00000, 0x000000008ec00000, 0x000000008ed00000|  0%| F|  |TAMS 0x000000008ec00000, 0x000000008ec00000| Untracked 
| 237|0x000000008ed00000, 0x000000008ed00000, 0x000000008ee00000|  0%| F|  |TAMS 0x000000008ed00000, 0x000000008ed00000| Untracked 
| 238|0x000000008ee00000, 0x000000008ee00000, 0x000000008ef00000|  0%| F|  |TAMS 0x000000008ee00000, 0x000000008ee00000| Untracked 
| 239|0x000000008ef00000, 0x000000008ef00000, 0x000000008f000000|  0%| F|  |TAMS 0x000000008ef00000, 0x000000008ef00000| Untracked 
| 240|0x000000008f000000, 0x000000008f000000, 0x000000008f100000|  0%| F|  |TAMS 0x000000008f000000, 0x000000008f000000| Untracked 
| 241|0x000000008f100000, 0x000000008f100000, 0x000000008f200000|  0%| F|  |TAMS 0x000000008f100000, 0x000000008f100000| Untracked 
| 242|0x000000008f200000, 0x000000008f200000, 0x000000008f300000|  0%| F|  |TAMS 0x000000008f200000, 0x000000008f200000| Untracked 
| 243|0x000000008f300000, 0x000000008f300000, 0x000000008f400000|  0%| F|  |TAMS 0x000000008f300000, 0x000000008f300000| Untracked 
| 244|0x000000008f400000, 0x000000008f400000, 0x000000008f500000|  0%| F|  |TAMS 0x000000008f400000, 0x000000008f400000| Untracked 
| 245|0x000000008f500000, 0x000000008f500000, 0x000000008f600000|  0%| F|  |TAMS 0x000000008f500000, 0x000000008f500000| Untracked 
| 246|0x000000008f600000, 0x000000008f600000, 0x000000008f700000|  0%| F|  |TAMS 0x000000008f600000, 0x000000008f600000| Untracked 
| 247|0x000000008f700000, 0x000000008f700000, 0x000000008f800000|  0%| F|  |TAMS 0x000000008f700000, 0x000000008f700000| Untracked 
| 248|0x000000008f800000, 0x000000008f800000, 0x000000008f900000|  0%| F|  |TAMS 0x000000008f800000, 0x000000008f800000| Untracked 
| 249|0x000000008f900000, 0x000000008f900000, 0x000000008fa00000|  0%| F|  |TAMS 0x000000008f900000, 0x000000008f900000| Untracked 
| 250|0x000000008fa00000, 0x000000008fa00000, 0x000000008fb00000|  0%| F|  |TAMS 0x000000008fa00000, 0x000000008fa00000| Untracked 
| 251|0x000000008fb00000, 0x000000008fb00000, 0x000000008fc00000|  0%| F|  |TAMS 0x000000008fb00000, 0x000000008fb00000| Untracked 
| 252|0x000000008fc00000, 0x000000008fc00000, 0x000000008fd00000|  0%| F|  |TAMS 0x000000008fc00000, 0x000000008fc00000| Untracked 
| 253|0x000000008fd00000, 0x000000008fd00000, 0x000000008fe00000|  0%| F|  |TAMS 0x000000008fd00000, 0x000000008fd00000| Untracked 
| 254|0x000000008fe00000, 0x000000008fe00000, 0x000000008ff00000|  0%| F|  |TAMS 0x000000008fe00000, 0x000000008fe00000| Untracked 
| 255|0x000000008ff00000, 0x000000008ff00000, 0x0000000090000000|  0%| F|  |TAMS 0x000000008ff00000, 0x000000008ff00000| Untracked 
| 256|0x0000000090000000, 0x0000000090000000, 0x0000000090100000|  0%| F|  |TAMS 0x0000000090000000, 0x0000000090000000| Untracked 
| 257|0x0000000090100000, 0x0000000090100000, 0x0000000090200000|  0%| F|  |TAMS 0x0000000090100000, 0x0000000090100000| Untracked 
| 258|0x0000000090200000, 0x0000000090200000, 0x0000000090300000|  0%| F|  |TAMS 0x0000000090200000, 0x0000000090200000| Untracked 
| 259|0x0000000090300000, 0x0000000090300000, 0x0000000090400000|  0%| F|  |TAMS 0x0000000090300000, 0x0000000090300000| Untracked 
| 260|0x0000000090400000, 0x0000000090400000, 0x0000000090500000|  0%| F|  |TAMS 0x0000000090400000, 0x0000000090400000| Untracked 
| 261|0x0000000090500000, 0x0000000090600000, 0x0000000090600000|100%| S|CS|TAMS 0x0000000090500000, 0x0000000090500000| Complete 
| 262|0x0000000090600000, 0x0000000090700000, 0x0000000090700000|100%| S|CS|TAMS 0x0000000090600000, 0x0000000090600000| Complete 
| 263|0x0000000090700000, 0x0000000090800000, 0x0000000090800000|100%| S|CS|TAMS 0x0000000090700000, 0x0000000090700000| Complete 
| 264|0x0000000090800000, 0x0000000090900000, 0x0000000090900000|100%| S|CS|TAMS 0x0000000090800000, 0x0000000090800000| Complete 
| 265|0x0000000090900000, 0x0000000090a00000, 0x0000000090a00000|100%| S|CS|TAMS 0x0000000090900000, 0x0000000090900000| Complete 
| 266|0x0000000090a00000, 0x0000000090b00000, 0x0000000090b00000|100%| S|CS|TAMS 0x0000000090a00000, 0x0000000090a00000| Complete 
| 267|0x0000000090b00000, 0x0000000090b00000, 0x0000000090c00000|  0%| F|  |TAMS 0x0000000090b00000, 0x0000000090b00000| Untracked 
| 268|0x0000000090c00000, 0x0000000090c00000, 0x0000000090d00000|  0%| F|  |TAMS 0x0000000090c00000, 0x0000000090c00000| Untracked 
| 269|0x0000000090d00000, 0x0000000090d00000, 0x0000000090e00000|  0%| F|  |TAMS 0x0000000090d00000, 0x0000000090d00000| Untracked 
| 270|0x0000000090e00000, 0x0000000090e00000, 0x0000000090f00000|  0%| F|  |TAMS 0x0000000090e00000, 0x0000000090e00000| Untracked 
| 271|0x0000000090f00000, 0x0000000090f00000, 0x0000000091000000|  0%| F|  |TAMS 0x0000000090f00000, 0x0000000090f00000| Untracked 
| 272|0x0000000091000000, 0x0000000091000000, 0x0000000091100000|  0%| F|  |TAMS 0x0000000091000000, 0x0000000091000000| Untracked 
| 273|0x0000000091100000, 0x0000000091100000, 0x0000000091200000|  0%| F|  |TAMS 0x0000000091100000, 0x0000000091100000| Untracked 
| 274|0x0000000091200000, 0x0000000091200000, 0x0000000091300000|  0%| F|  |TAMS 0x0000000091200000, 0x0000000091200000| Untracked 
| 275|0x0000000091300000, 0x0000000091300000, 0x0000000091400000|  0%| F|  |TAMS 0x0000000091300000, 0x0000000091300000| Untracked 
| 276|0x0000000091400000, 0x0000000091400000, 0x0000000091500000|  0%| F|  |TAMS 0x0000000091400000, 0x0000000091400000| Untracked 
| 277|0x0000000091500000, 0x0000000091500000, 0x0000000091600000|  0%| F|  |TAMS 0x0000000091500000, 0x0000000091500000| Untracked 
| 278|0x0000000091600000, 0x0000000091600000, 0x0000000091700000|  0%| F|  |TAMS 0x0000000091600000, 0x0000000091600000| Untracked 
| 279|0x0000000091700000, 0x0000000091700000, 0x0000000091800000|  0%| F|  |TAMS 0x0000000091700000, 0x0000000091700000| Untracked 
| 280|0x0000000091800000, 0x0000000091800000, 0x0000000091900000|  0%| F|  |TAMS 0x0000000091800000, 0x0000000091800000| Untracked 
| 281|0x0000000091900000, 0x0000000091900000, 0x0000000091a00000|  0%| F|  |TAMS 0x0000000091900000, 0x0000000091900000| Untracked 
| 282|0x0000000091a00000, 0x0000000091a00000, 0x0000000091b00000|  0%| F|  |TAMS 0x0000000091a00000, 0x0000000091a00000| Untracked 
| 283|0x0000000091b00000, 0x0000000091b00000, 0x0000000091c00000|  0%| F|  |TAMS 0x0000000091b00000, 0x0000000091b00000| Untracked 
| 284|0x0000000091c00000, 0x0000000091c00000, 0x0000000091d00000|  0%| F|  |TAMS 0x0000000091c00000, 0x0000000091c00000| Untracked 
| 285|0x0000000091d00000, 0x0000000091d00000, 0x0000000091e00000|  0%| F|  |TAMS 0x0000000091d00000, 0x0000000091d00000| Untracked 
| 286|0x0000000091e00000, 0x0000000091e00000, 0x0000000091f00000|  0%| F|  |TAMS 0x0000000091e00000, 0x0000000091e00000| Untracked 
| 287|0x0000000091f00000, 0x0000000091f00000, 0x0000000092000000|  0%| F|  |TAMS 0x0000000091f00000, 0x0000000091f00000| Untracked 
| 288|0x0000000092000000, 0x0000000092000000, 0x0000000092100000|  0%| F|  |TAMS 0x0000000092000000, 0x0000000092000000| Untracked 
| 289|0x0000000092100000, 0x0000000092100000, 0x0000000092200000|  0%| F|  |TAMS 0x0000000092100000, 0x0000000092100000| Untracked 
| 290|0x0000000092200000, 0x0000000092200000, 0x0000000092300000|  0%| F|  |TAMS 0x0000000092200000, 0x0000000092200000| Untracked 
| 291|0x0000000092300000, 0x0000000092300000, 0x0000000092400000|  0%| F|  |TAMS 0x0000000092300000, 0x0000000092300000| Untracked 
| 292|0x0000000092400000, 0x0000000092400000, 0x0000000092500000|  0%| F|  |TAMS 0x0000000092400000, 0x0000000092400000| Untracked 
| 293|0x0000000092500000, 0x0000000092500000, 0x0000000092600000|  0%| F|  |TAMS 0x0000000092500000, 0x0000000092500000| Untracked 
| 294|0x0000000092600000, 0x0000000092600000, 0x0000000092700000|  0%| F|  |TAMS 0x0000000092600000, 0x0000000092600000| Untracked 
| 295|0x0000000092700000, 0x0000000092700000, 0x0000000092800000|  0%| F|  |TAMS 0x0000000092700000, 0x0000000092700000| Untracked 
| 296|0x0000000092800000, 0x0000000092800000, 0x0000000092900000|  0%| F|  |TAMS 0x0000000092800000, 0x0000000092800000| Untracked 
| 297|0x0000000092900000, 0x0000000092900000, 0x0000000092a00000|  0%| F|  |TAMS 0x0000000092900000, 0x0000000092900000| Untracked 
| 298|0x0000000092a00000, 0x0000000092a00000, 0x0000000092b00000|  0%| F|  |TAMS 0x0000000092a00000, 0x0000000092a00000| Untracked 
| 299|0x0000000092b00000, 0x0000000092b00000, 0x0000000092c00000|  0%| F|  |TAMS 0x0000000092b00000, 0x0000000092b00000| Untracked 
| 300|0x0000000092c00000, 0x0000000092c00000, 0x0000000092d00000|  0%| F|  |TAMS 0x0000000092c00000, 0x0000000092c00000| Untracked 
| 301|0x0000000092d00000, 0x0000000092d00000, 0x0000000092e00000|  0%| F|  |TAMS 0x0000000092d00000, 0x0000000092d00000| Untracked 
| 302|0x0000000092e00000, 0x0000000092e00000, 0x0000000092f00000|  0%| F|  |TAMS 0x0000000092e00000, 0x0000000092e00000| Untracked 
| 303|0x0000000092f00000, 0x0000000092f00000, 0x0000000093000000|  0%| F|  |TAMS 0x0000000092f00000, 0x0000000092f00000| Untracked 
| 304|0x0000000093000000, 0x0000000093000000, 0x0000000093100000|  0%| F|  |TAMS 0x0000000093000000, 0x0000000093000000| Untracked 
| 305|0x0000000093100000, 0x0000000093100000, 0x0000000093200000|  0%| F|  |TAMS 0x0000000093100000, 0x0000000093100000| Untracked 
| 306|0x0000000093200000, 0x0000000093200000, 0x0000000093300000|  0%| F|  |TAMS 0x0000000093200000, 0x0000000093200000| Untracked 
| 307|0x0000000093300000, 0x0000000093300000, 0x0000000093400000|  0%| F|  |TAMS 0x0000000093300000, 0x0000000093300000| Untracked 
| 308|0x0000000093400000, 0x0000000093400000, 0x0000000093500000|  0%| F|  |TAMS 0x0000000093400000, 0x0000000093400000| Untracked 
| 309|0x0000000093500000, 0x0000000093500000, 0x0000000093600000|  0%| F|  |TAMS 0x0000000093500000, 0x0000000093500000| Untracked 
| 310|0x0000000093600000, 0x0000000093600000, 0x0000000093700000|  0%| F|  |TAMS 0x0000000093600000, 0x0000000093600000| Untracked 
| 311|0x0000000093700000, 0x0000000093700000, 0x0000000093800000|  0%| F|  |TAMS 0x0000000093700000, 0x0000000093700000| Untracked 
| 312|0x0000000093800000, 0x0000000093800000, 0x0000000093900000|  0%| F|  |TAMS 0x0000000093800000, 0x0000000093800000| Untracked 
| 313|0x0000000093900000, 0x0000000093900000, 0x0000000093a00000|  0%| F|  |TAMS 0x0000000093900000, 0x0000000093900000| Untracked 
| 314|0x0000000093a00000, 0x0000000093a00000, 0x0000000093b00000|  0%| F|  |TAMS 0x0000000093a00000, 0x0000000093a00000| Untracked 
| 315|0x0000000093b00000, 0x0000000093b00000, 0x0000000093c00000|  0%| F|  |TAMS 0x0000000093b00000, 0x0000000093b00000| Untracked 
| 316|0x0000000093c00000, 0x0000000093c00000, 0x0000000093d00000|  0%| F|  |TAMS 0x0000000093c00000, 0x0000000093c00000| Untracked 
| 317|0x0000000093d00000, 0x0000000093d00000, 0x0000000093e00000|  0%| F|  |TAMS 0x0000000093d00000, 0x0000000093d00000| Untracked 
| 318|0x0000000093e00000, 0x0000000093e00000, 0x0000000093f00000|  0%| F|  |TAMS 0x0000000093e00000, 0x0000000093e00000| Untracked 
| 319|0x0000000093f00000, 0x0000000093f00000, 0x0000000094000000|  0%| F|  |TAMS 0x0000000093f00000, 0x0000000093f00000| Untracked 
| 320|0x0000000094000000, 0x0000000094000000, 0x0000000094100000|  0%| F|  |TAMS 0x0000000094000000, 0x0000000094000000| Untracked 
| 321|0x0000000094100000, 0x0000000094100000, 0x0000000094200000|  0%| F|  |TAMS 0x0000000094100000, 0x0000000094100000| Untracked 
| 322|0x0000000094200000, 0x0000000094200000, 0x0000000094300000|  0%| F|  |TAMS 0x0000000094200000, 0x0000000094200000| Untracked 
| 323|0x0000000094300000, 0x0000000094300000, 0x0000000094400000|  0%| F|  |TAMS 0x0000000094300000, 0x0000000094300000| Untracked 
| 324|0x0000000094400000, 0x0000000094400000, 0x0000000094500000|  0%| F|  |TAMS 0x0000000094400000, 0x0000000094400000| Untracked 
| 325|0x0000000094500000, 0x0000000094500000, 0x0000000094600000|  0%| F|  |TAMS 0x0000000094500000, 0x0000000094500000| Untracked 
| 326|0x0000000094600000, 0x0000000094600000, 0x0000000094700000|  0%| F|  |TAMS 0x0000000094600000, 0x0000000094600000| Untracked 
| 327|0x0000000094700000, 0x0000000094700000, 0x0000000094800000|  0%| F|  |TAMS 0x0000000094700000, 0x0000000094700000| Untracked 
| 328|0x0000000094800000, 0x0000000094800000, 0x0000000094900000|  0%| F|  |TAMS 0x0000000094800000, 0x0000000094800000| Untracked 
| 329|0x0000000094900000, 0x0000000094900000, 0x0000000094a00000|  0%| F|  |TAMS 0x0000000094900000, 0x0000000094900000| Untracked 
| 330|0x0000000094a00000, 0x0000000094a00000, 0x0000000094b00000|  0%| F|  |TAMS 0x0000000094a00000, 0x0000000094a00000| Untracked 
| 331|0x0000000094b00000, 0x0000000094b00000, 0x0000000094c00000|  0%| F|  |TAMS 0x0000000094b00000, 0x0000000094b00000| Untracked 
| 332|0x0000000094c00000, 0x0000000094c00000, 0x0000000094d00000|  0%| F|  |TAMS 0x0000000094c00000, 0x0000000094c00000| Untracked 
| 333|0x0000000094d00000, 0x0000000094d00000, 0x0000000094e00000|  0%| F|  |TAMS 0x0000000094d00000, 0x0000000094d00000| Untracked 
| 334|0x0000000094e00000, 0x0000000094e00000, 0x0000000094f00000|  0%| F|  |TAMS 0x0000000094e00000, 0x0000000094e00000| Untracked 
| 335|0x0000000094f00000, 0x0000000094f00000, 0x0000000095000000|  0%| F|  |TAMS 0x0000000094f00000, 0x0000000094f00000| Untracked 
| 336|0x0000000095000000, 0x0000000095000000, 0x0000000095100000|  0%| F|  |TAMS 0x0000000095000000, 0x0000000095000000| Untracked 
| 337|0x0000000095100000, 0x0000000095100000, 0x0000000095200000|  0%| F|  |TAMS 0x0000000095100000, 0x0000000095100000| Untracked 
| 338|0x0000000095200000, 0x0000000095200000, 0x0000000095300000|  0%| F|  |TAMS 0x0000000095200000, 0x0000000095200000| Untracked 
| 339|0x0000000095300000, 0x0000000095300000, 0x0000000095400000|  0%| F|  |TAMS 0x0000000095300000, 0x0000000095300000| Untracked 
| 340|0x0000000095400000, 0x0000000095400000, 0x0000000095500000|  0%| F|  |TAMS 0x0000000095400000, 0x0000000095400000| Untracked 
| 341|0x0000000095500000, 0x0000000095500000, 0x0000000095600000|  0%| F|  |TAMS 0x0000000095500000, 0x0000000095500000| Untracked 
| 342|0x0000000095600000, 0x0000000095600000, 0x0000000095700000|  0%| F|  |TAMS 0x0000000095600000, 0x0000000095600000| Untracked 
| 343|0x0000000095700000, 0x0000000095700000, 0x0000000095800000|  0%| F|  |TAMS 0x0000000095700000, 0x0000000095700000| Untracked 
| 344|0x0000000095800000, 0x0000000095800000, 0x0000000095900000|  0%| F|  |TAMS 0x0000000095800000, 0x0000000095800000| Untracked 
| 345|0x0000000095900000, 0x0000000095900000, 0x0000000095a00000|  0%| F|  |TAMS 0x0000000095900000, 0x0000000095900000| Untracked 
| 346|0x0000000095a00000, 0x0000000095a00000, 0x0000000095b00000|  0%| F|  |TAMS 0x0000000095a00000, 0x0000000095a00000| Untracked 
| 347|0x0000000095b00000, 0x0000000095b00000, 0x0000000095c00000|  0%| F|  |TAMS 0x0000000095b00000, 0x0000000095b00000| Untracked 
| 348|0x0000000095c00000, 0x0000000095c00000, 0x0000000095d00000|  0%| F|  |TAMS 0x0000000095c00000, 0x0000000095c00000| Untracked 
| 349|0x0000000095d00000, 0x0000000095d00000, 0x0000000095e00000|  0%| F|  |TAMS 0x0000000095d00000, 0x0000000095d00000| Untracked 
| 350|0x0000000095e00000, 0x0000000095e00000, 0x0000000095f00000|  0%| F|  |TAMS 0x0000000095e00000, 0x0000000095e00000| Untracked 
| 351|0x0000000095f00000, 0x0000000095f00000, 0x0000000096000000|  0%| F|  |TAMS 0x0000000095f00000, 0x0000000095f00000| Untracked 
| 352|0x0000000096000000, 0x0000000096000000, 0x0000000096100000|  0%| F|  |TAMS 0x0000000096000000, 0x0000000096000000| Untracked 
| 353|0x0000000096100000, 0x0000000096100000, 0x0000000096200000|  0%| F|  |TAMS 0x0000000096100000, 0x0000000096100000| Untracked 
| 354|0x0000000096200000, 0x0000000096200000, 0x0000000096300000|  0%| F|  |TAMS 0x0000000096200000, 0x0000000096200000| Untracked 
| 355|0x0000000096300000, 0x0000000096300000, 0x0000000096400000|  0%| F|  |TAMS 0x0000000096300000, 0x0000000096300000| Untracked 
| 356|0x0000000096400000, 0x0000000096400000, 0x0000000096500000|  0%| F|  |TAMS 0x0000000096400000, 0x0000000096400000| Untracked 
| 357|0x0000000096500000, 0x0000000096500000, 0x0000000096600000|  0%| F|  |TAMS 0x0000000096500000, 0x0000000096500000| Untracked 
| 358|0x0000000096600000, 0x0000000096600000, 0x0000000096700000|  0%| F|  |TAMS 0x0000000096600000, 0x0000000096600000| Untracked 
| 359|0x0000000096700000, 0x0000000096800000, 0x0000000096800000|100%| E|  |TAMS 0x0000000096700000, 0x0000000096700000| Complete 

Card table byte_map: [0x000001a7ff110000,0x000001a7ff510000] _byte_map_base: 0x000001a7fed10000

Marking Bits (Prev, Next): (CMBitMap*) 0x000001a7f9690248, (CMBitMap*) 0x000001a7f9690280
 Prev Bits: [0x000001a78f000000, 0x000001a791000000)
 Next Bits: [0x000001a791000000, 0x000001a793000000)

Polling page: 0x000001a7f9490000

Metaspace:

Usage:
  Non-class:    143.35 MB capacity,   140.57 MB ( 98%) used,     2.25 MB (  2%) free+waste,   549.38 KB ( <1%) overhead. 
      Class:     20.88 MB capacity,    19.26 MB ( 92%) used,     1.39 MB (  7%) free+waste,   234.50 KB (  1%) overhead. 
       Both:    164.23 MB capacity,   159.83 MB ( 97%) used,     3.63 MB (  2%) free+waste,   783.88 KB ( <1%) overhead. 

Virtual space:
  Non-class space:      144.00 MB reserved,     143.50 MB (>99%) committed 
      Class space:        1.00 GB reserved,      20.95 MB (  2%) committed 
             Both:        1.14 GB reserved,     164.45 MB ( 14%) committed 

Chunk freelists:
   Non-Class:  27.00 KB
       Class:  0 bytes
        Both:  27.00 KB

MaxMetaspaceSize: 17179869184.00 GB
CompressedClassSpaceSize: 1.00 GB
Initial GC threshold: 20.80 MB
Current GC threshold: 273.67 MB
CDS: off

CodeHeap 'non-profiled nmethods': size=120064Kb used=27494Kb max_used=27494Kb free=92570Kb
 bounds [0x000001a787ac0000, 0x000001a7895a0000, 0x000001a78f000000]
CodeHeap 'profiled nmethods': size=120000Kb used=58063Kb max_used=60415Kb free=61936Kb
 bounds [0x000001a780590000, 0x000001a784270000, 0x000001a787ac0000]
CodeHeap 'non-nmethods': size=5696Kb used=2521Kb max_used=2595Kb free=3174Kb
 bounds [0x000001a780000000, 0x000001a7802a0000, 0x000001a780590000]
 total_blobs=26862 nmethods=25805 adapters=969
 compilation: enabled
              stopped_count=0, restarted_count=0
 full_count=0

Compilation events (20 events):
Event: 2044.079 Thread 0x000001a795877000 33786       2       com.android.tools.r8.internal.ac::b (50 bytes)
Event: 2044.080 Thread 0x000001a795877000 nmethod 33786 0x000001a7833a7b10 code [0x000001a7833a7ce0, 0x000001a7833a7f48]
Event: 2044.089 Thread 0x000001a795877000 33790       2       com.android.tools.r8.graph.j1$b::hashCode (17 bytes)
Event: 2044.089 Thread 0x000001a795877000 nmethod 33790 0x000001a7822a8290 code [0x000001a7822a8440, 0x000001a7822a8558]
Event: 2044.095 Thread 0x000001a7ffd02000 nmethod 33785 0x000001a789596a90 code [0x000001a789596d00, 0x000001a789598590]
Event: 2044.095 Thread 0x000001a7ffd02000 33787       4       com.android.tools.r8.internal.ac::b (50 bytes)
Event: 2044.102 Thread 0x000001a795877000 33792       3       com.android.tools.r8.graph.A::<init> (114 bytes)
Event: 2044.107 Thread 0x000001a795877000 nmethod 33792 0x000001a781ae9990 code [0x000001a781ae9e00, 0x000001a781aec438]
Event: 2044.109 Thread 0x000001a795877000 33793       2       com.android.tools.r8.internal.jj::a (296 bytes)
Event: 2044.112 Thread 0x000001a795877000 nmethod 33793 0x000001a780e3a310 code [0x000001a780e3a6c0, 0x000001a780e3b9f8]
Event: 2044.214 Thread 0x000001a795877000 33795       2       java.util.TimSort::mergeHi (732 bytes)
Event: 2044.216 Thread 0x000001a795877000 nmethod 33795 0x000001a780c64c10 code [0x000001a780c64f00, 0x000001a780c667f8]
Event: 2044.218 Thread 0x000001a795877000 33796 %     3       java.util.TimSort::gallopRight @ 259 (335 bytes)
Event: 2044.219 Thread 0x000001a795877000 nmethod 33796% 0x000001a781754210 code [0x000001a781754460, 0x000001a781755058]
Event: 2044.219 Thread 0x000001a795877000 33797       3       java.util.TimSort::gallopRight (335 bytes)
Event: 2044.221 Thread 0x000001a795877000 nmethod 33797 0x000001a780bc1290 code [0x000001a780bc14e0, 0x000001a780bc1fd8]
Event: 2044.224 Thread 0x000001a795877000 33798       2       com.android.tools.r8.graph.O$b$a::a (9 bytes)
Event: 2044.224 Thread 0x000001a795877000 nmethod 33798 0x000001a783423a10 code [0x000001a783423bc0, 0x000001a783423d08]
Event: 2044.224 Thread 0x000001a795877000 33799       2       com.android.tools.r8.internal.nz::c (23 bytes)
Event: 2044.225 Thread 0x000001a795877000 nmethod 33799 0x000001a783423690 code [0x000001a783423840, 0x000001a783423968]

GC Heap History (20 events):
Event: 2011.213 GC heap before
{Heap before GC invocations=198 (full 0):
 garbage-first heap   total 368640K, used 288256K [0x0000000080000000, 0x0000000100000000)
  region size 1024K, 86 young (88064K), 2 survivors (2048K)
 Metaspace       used 163149K, capacity 167514K, committed 167884K, reserved 1196032K
  class space    used 19647K, capacity 21272K, committed 21452K, reserved 1048576K
}
Event: 2011.250 GC heap after
{Heap after GC invocations=199 (full 0):
 garbage-first heap   total 368640K, used 206460K [0x0000000080000000, 0x0000000100000000)
  region size 1024K, 6 young (6144K), 6 survivors (6144K)
 Metaspace       used 163149K, capacity 167514K, committed 167884K, reserved 1196032K
  class space    used 19647K, capacity 21272K, committed 21452K, reserved 1048576K
}
Event: 2015.780 GC heap before
{Heap before GC invocations=200 (full 0):
 garbage-first heap   total 368640K, used 290428K [0x0000000080000000, 0x0000000100000000)
  region size 1024K, 92 young (94208K), 6 survivors (6144K)
 Metaspace       used 163165K, capacity 167588K, committed 167884K, reserved 1196032K
  class space    used 19649K, capacity 21275K, committed 21452K, reserved 1048576K
}
Event: 2015.817 GC heap after
{Heap after GC invocations=201 (full 0):
 garbage-first heap   total 368640K, used 204262K [0x0000000080000000, 0x0000000100000000)
  region size 1024K, 8 young (8192K), 8 survivors (8192K)
 Metaspace       used 163165K, capacity 167588K, committed 167884K, reserved 1196032K
  class space    used 19649K, capacity 21275K, committed 21452K, reserved 1048576K
}
Event: 2016.118 GC heap before
{Heap before GC invocations=201 (full 0):
 garbage-first heap   total 368640K, used 214502K [0x0000000080000000, 0x0000000100000000)
  region size 1024K, 18 young (18432K), 8 survivors (8192K)
 Metaspace       used 163165K, capacity 167588K, committed 167884K, reserved 1196032K
  class space    used 19649K, capacity 21275K, committed 21452K, reserved 1048576K
}
Event: 2016.162 GC heap after
{Heap after GC invocations=202 (full 0):
 garbage-first heap   total 368640K, used 182821K [0x0000000080000000, 0x0000000100000000)
  region size 1024K, 1 young (1024K), 1 survivors (1024K)
 Metaspace       used 163165K, capacity 167588K, committed 167884K, reserved 1196032K
  class space    used 19649K, capacity 21275K, committed 21452K, reserved 1048576K
}
Event: 2019.833 GC heap before
{Heap before GC invocations=202 (full 0):
 garbage-first heap   total 368640K, used 291365K [0x0000000080000000, 0x0000000100000000)
  region size 1024K, 107 young (109568K), 1 survivors (1024K)
 Metaspace       used 163173K, capacity 167588K, committed 167884K, reserved 1196032K
  class space    used 19649K, capacity 21275K, committed 21452K, reserved 1048576K
}
Event: 2019.855 GC heap after
{Heap after GC invocations=203 (full 0):
 garbage-first heap   total 368640K, used 183687K [0x0000000080000000, 0x0000000100000000)
  region size 1024K, 2 young (2048K), 2 survivors (2048K)
 Metaspace       used 163173K, capacity 167588K, committed 167884K, reserved 1196032K
  class space    used 19649K, capacity 21275K, committed 21452K, reserved 1048576K
}
Event: 2023.358 GC heap before
{Heap before GC invocations=203 (full 0):
 garbage-first heap   total 368640K, used 296327K [0x0000000080000000, 0x0000000100000000)
  region size 1024K, 112 young (114688K), 2 survivors (2048K)
 Metaspace       used 163235K, capacity 167657K, committed 168140K, reserved 1196032K
  class space    used 19649K, capacity 21275K, committed 21452K, reserved 1048576K
}
Event: 2023.376 GC heap after
{Heap after GC invocations=204 (full 0):
 garbage-first heap   total 368640K, used 184815K [0x0000000080000000, 0x0000000100000000)
  region size 1024K, 3 young (3072K), 3 survivors (3072K)
 Metaspace       used 163235K, capacity 167657K, committed 168140K, reserved 1196032K
  class space    used 19649K, capacity 21275K, committed 21452K, reserved 1048576K
}
Event: 2028.155 GC heap before
{Heap before GC invocations=204 (full 0):
 garbage-first heap   total 368640K, used 300527K [0x0000000080000000, 0x0000000100000000)
  region size 1024K, 116 young (118784K), 3 survivors (3072K)
 Metaspace       used 163251K, capacity 167657K, committed 168140K, reserved 1196032K
  class space    used 19649K, capacity 21275K, committed 21452K, reserved 1048576K
}
Event: 2028.175 GC heap after
{Heap after GC invocations=205 (full 0):
 garbage-first heap   total 368640K, used 185843K [0x0000000080000000, 0x0000000100000000)
  region size 1024K, 4 young (4096K), 4 survivors (4096K)
 Metaspace       used 163251K, capacity 167657K, committed 168140K, reserved 1196032K
  class space    used 19649K, capacity 21275K, committed 21452K, reserved 1048576K
}
Event: 2035.937 GC heap before
{Heap before GC invocations=206 (full 0):
 garbage-first heap   total 368640K, used 302579K [0x0000000080000000, 0x0000000100000000)
  region size 1024K, 119 young (121856K), 4 survivors (4096K)
 Metaspace       used 163324K, capacity 167745K, committed 168140K, reserved 1196032K
  class space    used 19663K, capacity 21284K, committed 21452K, reserved 1048576K
}
Event: 2035.968 GC heap after
{Heap after GC invocations=207 (full 0):
 garbage-first heap   total 368640K, used 185893K [0x0000000080000000, 0x0000000100000000)
  region size 1024K, 5 young (5120K), 5 survivors (5120K)
 Metaspace       used 163324K, capacity 167745K, committed 168140K, reserved 1196032K
  class space    used 19663K, capacity 21284K, committed 21452K, reserved 1048576K
}
Event: 2036.400 GC heap before
{Heap before GC invocations=207 (full 0):
 garbage-first heap   total 368640K, used 199205K [0x0000000080000000, 0x0000000100000000)
  region size 1024K, 18 young (18432K), 5 survivors (5120K)
 Metaspace       used 163324K, capacity 167745K, committed 168140K, reserved 1196032K
  class space    used 19663K, capacity 21284K, committed 21452K, reserved 1048576K
}
Event: 2036.426 GC heap after
{Heap after GC invocations=208 (full 0):
 garbage-first heap   total 368640K, used 180116K [0x0000000080000000, 0x0000000100000000)
  region size 1024K, 2 young (2048K), 2 survivors (2048K)
 Metaspace       used 163324K, capacity 167745K, committed 168140K, reserved 1196032K
  class space    used 19663K, capacity 21284K, committed 21452K, reserved 1048576K
}
Event: 2040.321 GC heap before
{Heap before GC invocations=208 (full 0):
 garbage-first heap   total 368640K, used 299924K [0x0000000080000000, 0x0000000100000000)
  region size 1024K, 119 young (121856K), 2 survivors (2048K)
 Metaspace       used 163330K, capacity 167745K, committed 168140K, reserved 1196032K
  class space    used 19663K, capacity 21284K, committed 21452K, reserved 1048576K
}
Event: 2040.339 GC heap after
{Heap after GC invocations=209 (full 0):
 garbage-first heap   total 368640K, used 180632K [0x0000000080000000, 0x0000000100000000)
  region size 1024K, 3 young (3072K), 3 survivors (3072K)
 Metaspace       used 163330K, capacity 167745K, committed 168140K, reserved 1196032K
  class space    used 19663K, capacity 21284K, committed 21452K, reserved 1048576K
}
Event: 2044.230 GC heap before
{Heap before GC invocations=209 (full 0):
 garbage-first heap   total 368640K, used 274840K [0x0000000080000000, 0x0000000100000000)
  region size 1024K, 96 young (98304K), 3 survivors (3072K)
 Metaspace       used 163666K, capacity 168170K, committed 168396K, reserved 1196032K
  class space    used 19727K, capacity 21381K, committed 21452K, reserved 1048576K
}
Event: 2044.256 GC heap after
{Heap after GC invocations=210 (full 0):
 garbage-first heap   total 368640K, used 184338K [0x0000000080000000, 0x0000000100000000)
  region size 1024K, 6 young (6144K), 6 survivors (6144K)
 Metaspace       used 163666K, capacity 168170K, committed 168396K, reserved 1196032K
  class space    used 19727K, capacity 21381K, committed 21452K, reserved 1048576K
}

Deoptimization events (20 events):
Event: 2044.087 Thread 0x000001a7967d6000 DEOPT PACKING pc=0x000001a7893945ac sp=0x0000001adddfac40
Event: 2044.087 Thread 0x000001a7967d6000 DEOPT UNPACKING pc=0x000001a78004a1af sp=0x0000001adddfac18 mode 2
Event: 2044.088 Thread 0x000001a7967d6000 Uncommon trap: trap_request=0xffffffd6 fr.pc=0x000001a788a65ccc relative=0x000000000000162c
Event: 2044.088 Thread 0x000001a7967d6000 Uncommon trap: reason=array_check action=maybe_recompile pc=0x000001a788a65ccc method=java.util.TimSort.mergeLo(IIII)V @ 81 c2
Event: 2044.088 Thread 0x000001a7967d6000 DEOPT PACKING pc=0x000001a788a65ccc sp=0x0000001adddfac60
Event: 2044.088 Thread 0x000001a7967d6000 DEOPT UNPACKING pc=0x000001a78004a1af sp=0x0000001adddfac20 mode 2
Event: 2044.089 Thread 0x000001a7967d6000 Uncommon trap: trap_request=0xffffffd6 fr.pc=0x000001a788a65ccc relative=0x000000000000162c
Event: 2044.089 Thread 0x000001a7967d6000 Uncommon trap: reason=array_check action=maybe_recompile pc=0x000001a788a65ccc method=java.util.TimSort.mergeLo(IIII)V @ 81 c2
Event: 2044.089 Thread 0x000001a7967d6000 DEOPT PACKING pc=0x000001a788a65ccc sp=0x0000001adddfac60
Event: 2044.089 Thread 0x000001a7967d6000 DEOPT UNPACKING pc=0x000001a78004a1af sp=0x0000001adddfac20 mode 2
Event: 2044.090 Thread 0x000001a7967d6000 Uncommon trap: trap_request=0xffffffd6 fr.pc=0x000001a788a65ccc relative=0x000000000000162c
Event: 2044.090 Thread 0x000001a7967d6000 Uncommon trap: reason=array_check action=maybe_recompile pc=0x000001a788a65ccc method=java.util.TimSort.mergeLo(IIII)V @ 81 c2
Event: 2044.090 Thread 0x000001a7967d6000 DEOPT PACKING pc=0x000001a788a65ccc sp=0x0000001adddfac60
Event: 2044.090 Thread 0x000001a7967d6000 DEOPT UNPACKING pc=0x000001a78004a1af sp=0x0000001adddfac20 mode 2
Event: 2044.217 Thread 0x000001a7967d6000 Uncommon trap: trap_request=0xffffffde fr.pc=0x000001a788a6085c relative=0x00000000000010bc
Event: 2044.217 Thread 0x000001a7967d6000 Uncommon trap: reason=class_check action=maybe_recompile pc=0x000001a788a6085c method=java.util.TimSort.mergeLo(IIII)V @ 189 c2
Event: 2044.217 Thread 0x000001a7967d6000 DEOPT PACKING pc=0x000001a788a6085c sp=0x0000001adddfadc0
Event: 2044.217 Thread 0x000001a7967d6000 DEOPT UNPACKING pc=0x000001a78004a1af sp=0x0000001adddfad80 mode 2
Event: 2044.221 Thread 0x000001a7967d6000 DEOPT PACKING pc=0x000001a782ea86e4 sp=0x0000001adddfadf0
Event: 2044.221 Thread 0x000001a7967d6000 DEOPT UNPACKING pc=0x000001a78004a95e sp=0x0000001adddfa2a8 mode 0

Classes redefined (0 events):
No events

Internal exceptions (20 events):
Event: 1897.204 Thread 0x000001a7967d6000 Exception <a 'sun/nio/fs/WindowsException'{0x00000000907aab40}> (0x00000000907aab40) thrown at [./src/hotspot/share/prims/jni.cpp, line 615]
Event: 1901.001 Thread 0x000001a7967d6000 Exception <a 'sun/nio/fs/WindowsException'{0x00000000901d6310}> (0x00000000901d6310) thrown at [./src/hotspot/share/prims/jni.cpp, line 615]
Event: 1906.001 Thread 0x000001a7967d6000 Exception <a 'sun/nio/fs/WindowsException'{0x0000000092785a58}> (0x0000000092785a58) thrown at [./src/hotspot/share/prims/jni.cpp, line 615]
Event: 1912.903 Thread 0x000001a7967d6000 Exception <a 'sun/nio/fs/WindowsException'{0x00000000923bdec0}> (0x00000000923bdec0) thrown at [./src/hotspot/share/prims/jni.cpp, line 615]
Event: 1916.920 Thread 0x000001a7967d6000 Exception <a 'sun/nio/fs/WindowsException'{0x0000000092527800}> (0x0000000092527800) thrown at [./src/hotspot/share/prims/jni.cpp, line 615]
Event: 1922.427 Thread 0x000001a7967d6000 Exception <a 'sun/nio/fs/WindowsException'{0x00000000926a2180}> (0x00000000926a2180) thrown at [./src/hotspot/share/prims/jni.cpp, line 615]
Event: 1929.747 Thread 0x000001a7967d6000 Exception <a 'sun/nio/fs/WindowsException'{0x0000000095ca3bc0}> (0x0000000095ca3bc0) thrown at [./src/hotspot/share/prims/jni.cpp, line 615]
Event: 1935.754 Thread 0x000001a7967d6000 Exception <a 'sun/nio/fs/WindowsException'{0x00000000922836b8}> (0x00000000922836b8) thrown at [./src/hotspot/share/prims/jni.cpp, line 615]
Event: 1945.410 Thread 0x000001a7967d6000 Implicit null exception at 0x000001a789164578 to 0x000001a789169310
Event: 1961.310 Thread 0x000001a7967d6000 Implicit null exception at 0x000001a7891e74f0 to 0x000001a7891ec62c
Event: 1981.605 Thread 0x000001a7967d6000 Exception <a 'sun/nio/fs/WindowsException'{0x000000009676c510}> (0x000000009676c510) thrown at [./src/hotspot/share/prims/jni.cpp, line 615]
Event: 1988.051 Thread 0x000001a7967d6000 Exception <a 'sun/nio/fs/WindowsException'{0x0000000091728e60}> (0x0000000091728e60) thrown at [./src/hotspot/share/prims/jni.cpp, line 615]
Event: 1991.888 Thread 0x000001a7967d6000 Exception <a 'sun/nio/fs/WindowsException'{0x0000000093eb5048}> (0x0000000093eb5048) thrown at [./src/hotspot/share/prims/jni.cpp, line 615]
Event: 2003.984 Thread 0x000001a7967da000 Exception <a 'sun/nio/fs/WindowsException'{0x00000000961b21f0}> (0x00000000961b21f0) thrown at [./src/hotspot/share/prims/jni.cpp, line 615]
Event: 2005.117 Thread 0x000001a7967d6000 Exception <a 'sun/nio/fs/WindowsException'{0x00000000943f9f20}> (0x00000000943f9f20) thrown at [./src/hotspot/share/prims/jni.cpp, line 615]
Event: 2010.560 Thread 0x000001a7967d6000 Exception <a 'java/lang/NoSuchMethodError'{0x0000000091f7ede0}: 'java.lang.Object java.lang.invoke.DirectMethodHandle$Holder.invokeSpecial(java.lang.Object, java.lang.Object, java.lang.Object, java.lang.Object, java.lang.Object, java.lang.Object, java.lang.Object, java.lang.Object, java.lang.Object, java.lang.Object, java.lang.Object)'> (0x0000000091f7ede0) thrown at [./src/hotspot/share/interpreter/linkResolver.cpp, line 773]
Event: 2010.563 Thread 0x000001a7967d6000 Exception <a 'java/lang/NoSuchMethodError'{0x0000000091f8a9c8}: 'java.lang.Object java.lang.invoke.Invokers$Holder.linkToTargetMethod(java.lang.Object, java.lang.Object, java.lang.Object, java.lang.Object, java.lang.Object, java.lang.Object, java.lang.Object, java.lang.Object, java.lang.Object, java.lang.Object)'> (0x0000000091f8a9c8) thrown at [./src/hotspot/share/interpreter/linkResolver.cpp, line 773]
Event: 2010.669 Thread 0x000001a7967d6000 Exception <a 'java/lang/IncompatibleClassChangeError'{0x0000000091fe4b78}: Found class java.lang.Object, but interface was expected> (0x0000000091fe4b78) thrown at [./src/hotspot/share/interpreter/linkResolver.cpp, line 839]
Event: 2027.260 Thread 0x000001a7967d6000 Implicit null exception at 0x000001a78838f612 to 0x000001a78838f948
Event: 2044.079 Thread 0x000001a7967d6000 Implicit null exception at 0x000001a789592646 to 0x000001a789593fd8

Events (20 events):
Event: 2043.061 loading class com/android/tools/r8/graph/j2
Event: 2043.061 loading class com/android/tools/r8/graph/j2 done
Event: 2043.062 loading class com/android/tools/r8/graph/b2
Event: 2043.062 loading class com/android/tools/r8/graph/b2 done
Event: 2043.062 loading class com/android/tools/r8/graph/d2
Event: 2043.062 loading class com/android/tools/r8/graph/d2 done
Event: 2043.062 loading class com/android/tools/r8/graph/j2
Event: 2043.062 loading class com/android/tools/r8/graph/j2 done
Event: 2043.063 Executing VM operation: Deoptimize
Event: 2043.069 Executing VM operation: Deoptimize done
Event: 2043.070 loading class com/android/tools/r8/graph/e1
Event: 2043.070 loading class com/android/tools/r8/graph/e1 done
Event: 2043.070 loading class com/android/tools/r8/graph/e1
Event: 2043.070 loading class com/android/tools/r8/graph/e1 done
Event: 2043.070 loading class com/android/tools/r8/graph/W2
Event: 2043.070 loading class com/android/tools/r8/graph/W2 done
Event: 2043.071 loading class com/android/tools/r8/graph/W2
Event: 2043.071 loading class com/android/tools/r8/graph/W2 done
Event: 2044.230 Executing VM operation: G1CollectForAllocation
Event: 2044.256 Executing VM operation: G1CollectForAllocation done


Dynamic libraries:
0x00007ff7e62d0000 - 0x00007ff7e62da000 	D:\android studio\jre\bin\java.exe
0x00007ff83f3e0000 - 0x00007ff83f5ce000 	C:\Windows\SYSTEM32\ntdll.dll
0x00007ff83dbb0000 - 0x00007ff83dc63000 	C:\Windows\System32\KERNEL32.DLL
0x00007ff83c1a0000 - 0x00007ff83c43a000 	C:\Windows\System32\KERNELBASE.dll
0x00007ff83c0a0000 - 0x00007ff83c19a000 	C:\Windows\System32\ucrtbase.dll
0x00007ff81f970000 - 0x00007ff81f989000 	D:\android studio\jre\bin\jli.dll
0x00007ff81f2c0000 - 0x00007ff81f2d7000 	D:\android studio\jre\bin\VCRUNTIME140.dll
0x00007ff83ee90000 - 0x00007ff83f027000 	C:\Windows\System32\USER32.dll
0x00007ff83c080000 - 0x00007ff83c0a0000 	C:\Windows\System32\win32u.dll
0x00007ff828dd0000 - 0x00007ff829049000 	C:\Windows\WinSxS\amd64_microsoft.windows.common-controls_6595b64144ccf1df_6.0.17763.3406_none_de6d5d06534ed2cb\COMCTL32.dll
0x00007ff83eb90000 - 0x00007ff83ebb9000 	C:\Windows\System32\GDI32.dll
0x00007ff83e000000 - 0x00007ff83e09e000 	C:\Windows\System32\msvcrt.dll
0x00007ff83f050000 - 0x00007ff83f37b000 	C:\Windows\System32\combase.dll
0x00007ff83ebc0000 - 0x00007ff83ecdd000 	C:\Windows\System32\RPCRT4.dll
0x00007ff83c4e0000 - 0x00007ff83c562000 	C:\Windows\System32\bcryptPrimitives.dll
0x00007ff83bec0000 - 0x00007ff83c05d000 	C:\Windows\System32\gdi32full.dll
0x00007ff83c570000 - 0x00007ff83c610000 	C:\Windows\System32\msvcp_win.dll
0x00007ff83f380000 - 0x00007ff83f3ae000 	C:\Windows\System32\IMM32.DLL
0x00007ff81bf90000 - 0x00007ff81c02d000 	D:\android studio\jre\bin\msvcp140.dll
0x00007ff803610000 - 0x00007ff8040f5000 	D:\android studio\jre\bin\server\jvm.dll
0x00007ff83dea0000 - 0x00007ff83df47000 	C:\Windows\System32\ADVAPI32.dll
0x00007ff83c610000 - 0x00007ff83c6af000 	C:\Windows\System32\sechost.dll
0x00007ff83eb80000 - 0x00007ff83eb88000 	C:\Windows\System32\PSAPI.DLL
0x00007ff8350d0000 - 0x00007ff8350d9000 	C:\Windows\SYSTEM32\WSOCK32.dll
0x00007ff83e1b0000 - 0x00007ff83e21d000 	C:\Windows\System32\WS2_32.dll
0x00007ff831b00000 - 0x00007ff831b24000 	C:\Windows\SYSTEM32\WINMM.dll
0x00007ff82eef0000 - 0x00007ff82eefa000 	C:\Windows\SYSTEM32\VERSION.dll
0x00007ff831ad0000 - 0x00007ff831afd000 	C:\Windows\SYSTEM32\winmmbase.dll
0x00007ff83be70000 - 0x00007ff83beba000 	C:\Windows\System32\cfgmgr32.dll
0x00007ff83b3f0000 - 0x00007ff83b401000 	C:\Windows\System32\kernel.appcore.dll
0x00007ff830640000 - 0x00007ff830651000 	D:\android studio\jre\bin\verify.dll
0x00007ff832db0000 - 0x00007ff832f9d000 	C:\Windows\SYSTEM32\DBGHELP.DLL
0x00007ff832d80000 - 0x00007ff832daa000 	C:\Windows\SYSTEM32\dbgcore.DLL
0x00007ff830610000 - 0x00007ff830639000 	D:\android studio\jre\bin\java.dll
0x00007ff8350c0000 - 0x00007ff8350cb000 	D:\android studio\jre\bin\jimage.dll
0x00007ff8305f0000 - 0x00007ff830608000 	D:\android studio\jre\bin\zip.dll
0x00007ff83c6b0000 - 0x00007ff83dba6000 	C:\Windows\System32\SHELL32.dll
0x00007ff83df50000 - 0x00007ff83dff7000 	C:\Windows\System32\shcore.dll
0x00007ff83b470000 - 0x00007ff83bbb7000 	C:\Windows\System32\windows.storage.dll
0x00007ff83b3c0000 - 0x00007ff83b3e3000 	C:\Windows\System32\profapi.dll
0x00007ff83b410000 - 0x00007ff83b46d000 	C:\Windows\System32\powrprof.dll
0x00007ff83e0a0000 - 0x00007ff83e0f2000 	C:\Windows\System32\shlwapi.dll
0x00007ff83c060000 - 0x00007ff83c077000 	C:\Windows\System32\cryptsp.dll
0x00007ff823590000 - 0x00007ff8235aa000 	D:\android studio\jre\bin\net.dll
0x00007ff82bae0000 - 0x00007ff82bbd1000 	C:\Windows\SYSTEM32\WINHTTP.dll
0x00007ff83ab40000 - 0x00007ff83aba7000 	C:\Windows\system32\mswsock.dll
0x00007ff823570000 - 0x00007ff823584000 	D:\android studio\jre\bin\nio.dll
0x00007ff81f9e0000 - 0x00007ff81fa07000 	C:\Users\Sukanya\.gradle\native\e1d6ef7f7dcc3fd88c89a11ec53ec762bb8ba0a96d01ffa2cd45eb1d1d8dd5c5\windows-amd64\native-platform.dll
0x00007ff81be40000 - 0x00007ff81bf84000 	C:\Users\Sukanya\.gradle\native\5664cfc778a61ccfe75a443a1ab52a65af34e5dc3c78e0209fed803814484fcb\windows-amd64\native-platform-file-events.dll
0x00007ff832890000 - 0x00007ff83289a000 	D:\android studio\jre\bin\management.dll
0x00007ff826d40000 - 0x00007ff826d4d000 	D:\android studio\jre\bin\management_ext.dll
0x00007ff83a6d0000 - 0x00007ff83a703000 	C:\Windows\system32\rsaenh.dll
0x00007ff83c4b0000 - 0x00007ff83c4d6000 	C:\Windows\System32\bcrypt.dll
0x00007ff83b2a0000 - 0x00007ff83b2c9000 	C:\Windows\SYSTEM32\USERENV.dll
0x00007ff83acc0000 - 0x00007ff83accc000 	C:\Windows\SYSTEM32\CRYPTBASE.dll
0x00007ff83a860000 - 0x00007ff83a89d000 	C:\Windows\SYSTEM32\IPHLPAPI.DLL
0x00007ff83eb70000 - 0x00007ff83eb78000 	C:\Windows\System32\NSI.dll
0x00007ff8332a0000 - 0x00007ff8332b6000 	C:\Windows\SYSTEM32\dhcpcsvc6.DLL
0x00007ff833610000 - 0x00007ff83362c000 	C:\Windows\SYSTEM32\dhcpcsvc.DLL
0x00007ff83a8a0000 - 0x00007ff83a966000 	C:\Windows\SYSTEM32\DNSAPI.dll
0x00007ff83a3a0000 - 0x00007ff83a3d1000 	C:\Windows\SYSTEM32\ntmarta.dll
0x00007ff836b90000 - 0x00007ff836bb7000 	D:\android studio\jre\bin\sunec.dll
0x00007ff82bad0000 - 0x00007ff82bada000 	C:\Windows\System32\rasadhlp.dll
0x00007ff82bd40000 - 0x00007ff82bdb9000 	C:\Windows\System32\fwpuclnt.dll
0x00007ff839830000 - 0x00007ff8398bc000 	C:\Windows\system32\apphelp.dll

dbghelp: loaded successfully - version: 4.0.5 - missing functions: none
symbol engine: initialized successfully - sym options: 0x614 - pdb path: .;D:\android studio\jre\bin;C:\Windows\SYSTEM32;C:\Windows\WinSxS\amd64_microsoft.windows.common-controls_6595b64144ccf1df_6.0.17763.3406_none_de6d5d06534ed2cb;D:\android studio\jre\bin\server;C:\Users\Sukanya\.gradle\native\e1d6ef7f7dcc3fd88c89a11ec53ec762bb8ba0a96d01ffa2cd45eb1d1d8dd5c5\windows-amd64;C:\Users\Sukanya\.gradle\native\5664cfc778a61ccfe75a443a1ab52a65af34e5dc3c78e0209fed803814484fcb\windows-amd64

VM Arguments:
jvm_args: --add-opens=java.base/java.util=ALL-UNNAMED --add-opens=java.base/java.lang=ALL-UNNAMED --add-opens=java.base/java.lang.invoke=ALL-UNNAMED --add-opens=java.base/java.util=ALL-UNNAMED --add-opens=java.prefs/java.util.prefs=ALL-UNNAMED --add-opens=java.prefs/java.util.prefs=ALL-UNNAMED --add-opens=java.base/java.nio.charset=ALL-UNNAMED --add-opens=java.base/java.net=ALL-UNNAMED --add-opens=java.base/java.util.concurrent.atomic=ALL-UNNAMED -Xmx2048m -Dfile.encoding=UTF-8 -Duser.country=IN -Duser.language=en -Duser.variant 
java_command: org.gradle.launcher.daemon.bootstrap.GradleDaemon 7.3.3
java_class_path (initial): C:\Users\Sukanya\.gradle\wrapper\dists\gradle-7.3.3-bin\6a41zxkdtcxs8rphpq6y0069z\gradle-7.3.3\lib\gradle-launcher-7.3.3.jar
Launcher Type: SUN_STANDARD

[Global flags]
     intx CICompilerCount                          = 2                                         {product} {ergonomic}
     uint ConcGCThreads                            = 1                                         {product} {ergonomic}
     uint G1ConcRefinementThreads                  = 2                                         {product} {ergonomic}
   size_t G1HeapRegionSize                         = 1048576                                   {product} {ergonomic}
    uintx GCDrainStackTargetSize                   = 64                                        {product} {ergonomic}
   size_t InitialHeapSize                          = 125829120                                 {product} {ergonomic}
   size_t MarkStackSize                            = 4194304                                   {product} {ergonomic}
   size_t MaxHeapSize                              = 2147483648                                {product} {command line}
   size_t MaxNewSize                               = 1287651328                                {product} {ergonomic}
   size_t MinHeapDeltaBytes                        = 1048576                                   {product} {ergonomic}
    uintx NonNMethodCodeHeapSize                   = 5825164                                {pd product} {ergonomic}
    uintx NonProfiledCodeHeapSize                  = 122916538                              {pd product} {ergonomic}
    uintx ProfiledCodeHeapSize                     = 122916538                              {pd product} {ergonomic}
    uintx ReservedCodeCacheSize                    = 251658240                              {pd product} {ergonomic}
     bool SegmentedCodeCache                       = true                                      {product} {ergonomic}
     bool UseCompressedClassPointers               = true                                 {lp64_product} {ergonomic}
     bool UseCompressedOops                        = true                                 {lp64_product} {ergonomic}
     bool UseG1GC                                  = true                                      {product} {ergonomic}
     bool UseLargePagesIndividualAllocation        = false                                  {pd product} {ergonomic}

Logging:
Log output configuration:
 #0: stdout all=warning uptime,level,tags
 #1: stderr all=off uptime,level,tags

Environment Variables:
JAVA_HOME=C:\Program Files\Java\jdk-18.0.1.1
PATH=C:\Python37\Scripts\;C:\Python37\;C:\Program Files\Common Files\Oracle\Java\javapath;C:\Windows\system32;C:\Windows;C:\Windows\System32\Wbem;C:\Windows\System32\WindowsPowerShell\v1.0\;C:\Windows\System32\OpenSSH\;C:\Program Files\Git\cmd;C:\Program Files\Java\jdk-18.0.1.1\bin;C:\Users\Sukanya\AppData\Local\Microsoft\WindowsApps;C:\Program Files\JetBrains\PyCharm Community Edition 2020.1.2\bin;;C:\Users\Sukanya\AppData\Local\Programs\Microsoft VS Code\bin;C:\Users\Sukanya\Desktop\pushit;
USERNAME=Sukanya
OS=Windows_NT
PROCESSOR_IDENTIFIER=AMD64 Family 21 Model 112 Stepping 0, AuthenticAMD



---------------  S Y S T E M  ---------------

OS: Windows 10 , 64 bit Build 17763 (10.0.17763.3287)
OS uptime: 4 days 19:34 hours
Hyper-V role detected

CPU:total 2 (initial active 2) (2 cores per cpu, 1 threads per core) family 21 model 112 stepping 0 microcode 0x0, cmov, cx8, fxsr, mmx, sse, sse2, sse3, ssse3, sse4.1, sse4.2, popcnt, avx, avx2, aes, clmul, mmxext, 3dnowpref, lzcnt, sse4a, tsc, tscinvbit, tscinv, bmi1, bmi2, fma

Memory: 4k page, system-wide physical 7567M (1142M free)
TotalPageFile size 8783M (AvailPageFile size 1874M)
current process WorkingSet (physical memory assigned to process): 772M, peak: 797M
current process commit charge ("private bytes"): 842M, peak: 850M

vm_info: OpenJDK 64-Bit Server VM (11.0.12+7-b1504.28-7817840) for windows-amd64 JRE (11.0.12+7-b1504.28-7817840), built on Oct 13 2021 22:12:33 by "builder" with MS VC++ 14.0 (VS2015)

END.
